/Users/master/Library/Python/3.9/lib/python/site-packages/urllib3/__init__.py:35: NotOpenSSLWarning: urllib3 v2 only supports OpenSSL 1.1.1+, currently the 'ssl' module is compiled with 'LibreSSL 2.8.3'. See: https://github.com/urllib3/urllib3/issues/3020
  warnings.warn(
Form candidates: 33 (shard 12/20)
  [   1/33] vosvil.com                             → submitted
  [   2/33] sorrentoboatservices.it                → captcha
  [   3/33] 5sails.ee                              → captcha
  [   4/33] bookboat.com                           → js_form
  [   5/33] dubrovnikboatcharter.com               → captcha
  [   6/33] yachthavens.com                        → captcha
  [   7/33] rumbotorrevieja.com                    → submitted
  [   8/33] ibizatoptours.com                      → failed
  [   9/33] rentalyachtmarbella.com                → captcha
  [  10/33] rosessailing.com                       → captcha
  [  11/33] formenterayacht.com                    → failed
  [  12/33] rentaboat-rhodes.com                   → captcha
  [  13/33] caboboatrental.com                     → js_form
  [  14/33] odp.qa                                 → submitted
  [  15/33] kenyapeaks.com                         → failed
  [  16/33] yachthub.vn                            → js_form
  [  17/33] imagineyachtcharter.com                → captcha
  [  18/33] nwnyachts.com                          → captcha
  [  19/33] charterscozumel.com                    → captcha
  [  20/33] boatrental-info.co.uk                  → js_form
  [  21/33] gallivantchartersqatar.com             → js_form
  [  22/33] boatrental-southfrance.com             → js_form
  [  23/33] norbanks.com                           → captcha
  [  24/33] skitosea.com                           → js_form
  [  25/33] savoy.co.nz                            → captcha
  [  26/33] amsterdamboatcompany.com               → submitted
  [  27/33] yachtcharterbarcelona.co.uk            → js_form
  [  28/33] boatsandfun.es                         → submitted
  [  29/33] charterassociation.co.uk               → captcha
  [  30/33] flyingfishonline.com                   → js_form
  [  31/33] mumbaiyachtbooking.com                 → js_form
  [  32/33] carolkent.com                          → captcha
  [  33/33] abtdivers.com                          → js_form

Done. {'submitted': 5, 'captcha': 14, 'js_form': 11, 'failed': 3}
