[2026-06-09 12:28:48] Today's post: Sailboat Rental Marbella: Slow Travel on the Med
[2026-06-09 12:29:02]   body length: 3399 chars
[2026-06-09 12:29:02] [DRY-RUN] would publish the above to Boat Rental in Marbella
[2026-06-09 12:29:25] Opening Chrome — sign into Blogger as the account that manages 'Boat Rental in Marbella'.
[2026-06-09 12:29:49]   …waiting for sign-in to the Boat Rental in Marbella blog
[2026-06-09 12:29:59]   …waiting for sign-in to the Boat Rental in Marbella blog
[2026-06-09 12:30:08]   …waiting for sign-in to the Boat Rental in Marbella blog
[2026-06-09 12:30:18]   …waiting for sign-in to the Boat Rental in Marbella blog
[2026-06-09 12:30:27]   …waiting for sign-in to the Boat Rental in Marbella blog
[2026-06-09 12:30:36]   …waiting for sign-in to the Boat Rental in Marbella blog
[2026-06-09 12:30:46]   …waiting for sign-in to the Boat Rental in Marbella blog
[2026-06-09 12:30:55]   …waiting for sign-in to the Boat Rental in Marbella blog
[2026-06-09 12:31:04]   …waiting for sign-in to the Boat Rental in Marbella blog
[2026-06-09 12:31:14]   …waiting for sign-in to the Boat Rental in Marbella blog
[2026-06-09 12:31:24]   …waiting for sign-in to the Boat Rental in Marbella blog
[2026-06-09 12:31:33]   …waiting for sign-in to the Boat Rental in Marbella blog
[2026-06-09 12:31:42]   …waiting for sign-in to the Boat Rental in Marbella blog
[2026-06-09 12:31:52]   …waiting for sign-in to the Boat Rental in Marbella blog
[2026-06-09 12:32:01]   …waiting for sign-in to the Boat Rental in Marbella blog
[2026-06-09 12:32:10]   …waiting for sign-in to the Boat Rental in Marbella blog
[2026-06-09 12:32:20]   …waiting for sign-in to the Boat Rental in Marbella blog
[2026-06-09 12:32:29]   …waiting for sign-in to the Boat Rental in Marbella blog
[2026-06-09 12:32:39]   …waiting for sign-in to the Boat Rental in Marbella blog
[2026-06-09 12:32:48]   …waiting for sign-in to the Boat Rental in Marbella blog
[2026-06-09 12:32:57]   …waiting for sign-in to the Boat Rental in Marbella blog
[2026-06-09 12:33:07]   …waiting for sign-in to the Boat Rental in Marbella blog
[2026-06-09 12:33:16]   …waiting for sign-in to the Boat Rental in Marbella blog
[2026-06-09 12:33:26]   …waiting for sign-in to the Boat Rental in Marbella blog
[2026-06-09 12:33:35]   …waiting for sign-in to the Boat Rental in Marbella blog
[2026-06-09 12:33:44]   …waiting for sign-in to the Boat Rental in Marbella blog
[2026-06-09 12:33:54]   …waiting for sign-in to the Boat Rental in Marbella blog
[2026-06-09 12:34:03]   …waiting for sign-in to the Boat Rental in Marbella blog
[2026-06-09 12:34:13]   …waiting for sign-in to the Boat Rental in Marbella blog
[2026-06-09 12:34:22]   …waiting for sign-in to the Boat Rental in Marbella blog
[2026-06-09 12:34:31]   …waiting for sign-in to the Boat Rental in Marbella blog
[2026-06-09 12:34:41]   …waiting for sign-in to the Boat Rental in Marbella blog
[2026-06-09 12:34:50]   …waiting for sign-in to the Boat Rental in Marbella blog
[2026-06-09 12:34:59]   …waiting for sign-in to the Boat Rental in Marbella blog
[2026-06-09 12:35:09]   …waiting for sign-in to the Boat Rental in Marbella blog
[2026-06-09 12:35:18]   …waiting for sign-in to the Boat Rental in Marbella blog
[2026-06-09 12:35:28]   …waiting for sign-in to the Boat Rental in Marbella blog
[2026-06-09 12:35:37]   …waiting for sign-in to the Boat Rental in Marbella blog
[2026-06-09 12:35:47]   …waiting for sign-in to the Boat Rental in Marbella blog
[2026-06-09 12:35:56]   …waiting for sign-in to the Boat Rental in Marbella blog
[2026-06-09 12:36:06]   …waiting for sign-in to the Boat Rental in Marbella blog
[2026-06-09 12:36:15]   …waiting for sign-in to the Boat Rental in Marbella blog
[2026-06-09 12:36:24]   …waiting for sign-in to the Boat Rental in Marbella blog
[2026-06-09 12:36:34]   …waiting for sign-in to the Boat Rental in Marbella blog
[2026-06-09 12:36:43]   …waiting for sign-in to the Boat Rental in Marbella blog
[2026-06-09 12:36:53]   …waiting for sign-in to the Boat Rental in Marbella blog
[2026-06-09 12:37:02]   …waiting for sign-in to the Boat Rental in Marbella blog
[2026-06-09 12:37:11]   …waiting for sign-in to the Boat Rental in Marbella blog
[2026-06-09 12:37:21]   …waiting for sign-in to the Boat Rental in Marbella blog
[2026-06-09 12:37:30]   …waiting for sign-in to the Boat Rental in Marbella blog
[2026-06-09 12:37:40]   …waiting for sign-in to the Boat Rental in Marbella blog
[2026-06-09 12:37:49]   …waiting for sign-in to the Boat Rental in Marbella blog
[2026-06-09 12:37:58]   …waiting for sign-in to the Boat Rental in Marbella blog
[2026-06-09 12:38:08]   …waiting for sign-in to the Boat Rental in Marbella blog
[2026-06-09 12:38:17]   …waiting for sign-in to the Boat Rental in Marbella blog
[2026-06-09 12:38:27]   …waiting for sign-in to the Boat Rental in Marbella blog
[2026-06-09 12:38:36]   …waiting for sign-in to the Boat Rental in Marbella blog
[2026-06-09 12:38:45]   …waiting for sign-in to the Boat Rental in Marbella blog
[2026-06-09 12:38:55]   …waiting for sign-in to the Boat Rental in Marbella blog
[2026-06-09 12:39:04]   …waiting for sign-in to the Boat Rental in Marbella blog
[2026-06-09 12:39:14]   …waiting for sign-in to the Boat Rental in Marbella blog
[2026-06-09 12:39:23]   …waiting for sign-in to the Boat Rental in Marbella blog
[2026-06-09 12:39:33]   …waiting for sign-in to the Boat Rental in Marbella blog
[2026-06-09 12:39:42]   …waiting for sign-in to the Boat Rental in Marbella blog
[2026-06-09 12:39:51]   …waiting for sign-in to the Boat Rental in Marbella blog
[2026-06-09 12:40:01]   …waiting for sign-in to the Boat Rental in Marbella blog
[2026-06-09 12:40:10]   …waiting for sign-in to the Boat Rental in Marbella blog
[2026-06-09 12:40:19]   …waiting for sign-in to the Boat Rental in Marbella blog
[2026-06-09 12:40:29]   …waiting for sign-in to the Boat Rental in Marbella blog
[2026-06-09 12:40:38]   …waiting for sign-in to the Boat Rental in Marbella blog
[2026-06-09 12:40:48]   …waiting for sign-in to the Boat Rental in Marbella blog
[2026-06-09 12:40:57]   …waiting for sign-in to the Boat Rental in Marbella blog
[2026-06-09 12:41:06]   …waiting for sign-in to the Boat Rental in Marbella blog
[2026-06-09 12:41:16]   …waiting for sign-in to the Boat Rental in Marbella blog
[2026-06-09 12:41:25]   …waiting for sign-in to the Boat Rental in Marbella blog
[2026-06-09 12:41:35]   …waiting for sign-in to the Boat Rental in Marbella blog
[2026-06-09 12:41:44]   …waiting for sign-in to the Boat Rental in Marbella blog
[2026-06-09 12:41:53]   …waiting for sign-in to the Boat Rental in Marbella blog
[2026-06-09 12:42:03]   …waiting for sign-in to the Boat Rental in Marbella blog
[2026-06-09 12:42:12]   …waiting for sign-in to the Boat Rental in Marbella blog
[2026-06-09 12:42:22]   …waiting for sign-in to the Boat Rental in Marbella blog
[2026-06-09 12:42:31]   …waiting for sign-in to the Boat Rental in Marbella blog
[2026-06-09 12:42:41]   …waiting for sign-in to the Boat Rental in Marbella blog
[2026-06-09 12:42:50]   …waiting for sign-in to the Boat Rental in Marbella blog
[2026-06-09 12:43:00]   …waiting for sign-in to the Boat Rental in Marbella blog
[2026-06-09 12:43:09]   …waiting for sign-in to the Boat Rental in Marbella blog
[2026-06-09 12:43:19]   …waiting for sign-in to the Boat Rental in Marbella blog
[2026-06-09 12:43:28]   …waiting for sign-in to the Boat Rental in Marbella blog
[2026-06-09 12:43:38]   …waiting for sign-in to the Boat Rental in Marbella blog
[2026-06-09 12:43:47]   …waiting for sign-in to the Boat Rental in Marbella blog
[2026-06-09 12:43:56]   …waiting for sign-in to the Boat Rental in Marbella blog
[2026-06-09 12:44:06]   …waiting for sign-in to the Boat Rental in Marbella blog
[2026-06-09 12:44:15]   …waiting for sign-in to the Boat Rental in Marbella blog
[2026-06-09 12:44:24]   …waiting for sign-in to the Boat Rental in Marbella blog
[2026-06-09 12:44:34]   …waiting for sign-in to the Boat Rental in Marbella blog
[2026-06-09 12:44:43]   …waiting for sign-in to the Boat Rental in Marbella blog
[2026-06-09 12:44:43] ✗ Timed out without capturing a working Blogger session.
[2026-06-09 12:46:08] Opening Chrome — sign into Blogger as the account that manages 'Boat Rental in Marbella'.
[2026-06-09 12:46:22]   …waiting for sign-in to the Boat Rental in Marbella blog
[2026-06-09 12:46:31]   …waiting for sign-in to the Boat Rental in Marbella blog
[2026-06-09 12:46:41]   …waiting for sign-in to the Boat Rental in Marbella blog
[2026-06-09 12:46:50]   …waiting for sign-in to the Boat Rental in Marbella blog
[2026-06-09 12:46:59]   …waiting for sign-in to the Boat Rental in Marbella blog
[2026-06-09 12:47:09]   …waiting for sign-in to the Boat Rental in Marbella blog
[2026-06-09 12:47:18]   …waiting for sign-in to the Boat Rental in Marbella blog
[2026-06-09 12:47:28]   …waiting for sign-in to the Boat Rental in Marbella blog
[2026-06-09 12:47:37]   …waiting for sign-in to the Boat Rental in Marbella blog
[2026-06-09 12:47:46]   …waiting for sign-in to the Boat Rental in Marbella blog
[2026-06-09 12:47:56]   …waiting for sign-in to the Boat Rental in Marbella blog
[2026-06-09 12:48:05]   …waiting for sign-in to the Boat Rental in Marbella blog
[2026-06-09 12:48:15]   …waiting for sign-in to the Boat Rental in Marbella blog
[2026-06-09 12:48:24]   …waiting for sign-in to the Boat Rental in Marbella blog
[2026-06-09 12:48:33]   …waiting for sign-in to the Boat Rental in Marbella blog
[2026-06-09 12:48:43]   …waiting for sign-in to the Boat Rental in Marbella blog
[2026-06-09 12:48:53]   …waiting for sign-in to the Boat Rental in Marbella blog
[2026-06-09 12:49:02]   …waiting for sign-in to the Boat Rental in Marbella blog
[2026-06-09 12:49:11]   …waiting for sign-in to the Boat Rental in Marbella blog
[2026-06-09 12:49:21]   …waiting for sign-in to the Boat Rental in Marbella blog
[2026-06-09 12:49:30]   …waiting for sign-in to the Boat Rental in Marbella blog
[2026-06-09 12:49:40]   …waiting for sign-in to the Boat Rental in Marbella blog
[2026-06-09 12:49:49]   …waiting for sign-in to the Boat Rental in Marbella blog
[2026-06-09 12:49:58]   …waiting for sign-in to the Boat Rental in Marbella blog
[2026-06-09 12:50:08]   …waiting for sign-in to the Boat Rental in Marbella blog
[2026-06-09 12:50:17]   …waiting for sign-in to the Boat Rental in Marbella blog
[2026-06-09 12:50:27]   …waiting for sign-in to the Boat Rental in Marbella blog
[2026-06-09 12:50:36]   …waiting for sign-in to the Boat Rental in Marbella blog
[2026-06-09 12:50:45]   …waiting for sign-in to the Boat Rental in Marbella blog
[2026-06-09 12:50:55]   …waiting for sign-in to the Boat Rental in Marbella blog
[2026-06-09 12:51:04]   …waiting for sign-in to the Boat Rental in Marbella blog
[2026-06-09 12:51:14]   …waiting for sign-in to the Boat Rental in Marbella blog
[2026-06-09 12:51:23]   …waiting for sign-in to the Boat Rental in Marbella blog
[2026-06-09 12:51:33]   …waiting for sign-in to the Boat Rental in Marbella blog
[2026-06-09 12:51:42]   …waiting for sign-in to the Boat Rental in Marbella blog
[2026-06-09 12:51:51]   …waiting for sign-in to the Boat Rental in Marbella blog
[2026-06-09 12:52:01]   …waiting for sign-in to the Boat Rental in Marbella blog
[2026-06-09 12:52:10]   …waiting for sign-in to the Boat Rental in Marbella blog
[2026-06-09 12:52:20]   …waiting for sign-in to the Boat Rental in Marbella blog
[2026-06-09 12:52:29]   …waiting for sign-in to the Boat Rental in Marbella blog
[2026-06-09 12:52:38]   …waiting for sign-in to the Boat Rental in Marbella blog
[2026-06-09 12:52:48]   …waiting for sign-in to the Boat Rental in Marbella blog
[2026-06-09 12:52:57]   …waiting for sign-in to the Boat Rental in Marbella blog
[2026-06-09 12:53:06]   …waiting for sign-in to the Boat Rental in Marbella blog
[2026-06-09 12:53:16]   …waiting for sign-in to the Boat Rental in Marbella blog
[2026-06-09 12:53:25]   …waiting for sign-in to the Boat Rental in Marbella blog
[2026-06-09 12:53:35]   …waiting for sign-in to the Boat Rental in Marbella blog
[2026-06-09 12:53:44]   …waiting for sign-in to the Boat Rental in Marbella blog
[2026-06-09 12:53:53]   …waiting for sign-in to the Boat Rental in Marbella blog
[2026-06-09 12:54:03]   …waiting for sign-in to the Boat Rental in Marbella blog
[2026-06-09 12:54:12]   …waiting for sign-in to the Boat Rental in Marbella blog
[2026-06-09 12:54:21]   …waiting for sign-in to the Boat Rental in Marbella blog
[2026-06-09 12:54:31]   …waiting for sign-in to the Boat Rental in Marbella blog
[2026-06-09 12:54:40]   …waiting for sign-in to the Boat Rental in Marbella blog
[2026-06-09 12:54:50]   …waiting for sign-in to the Boat Rental in Marbella blog
[2026-06-09 12:54:59]   …waiting for sign-in to the Boat Rental in Marbella blog
[2026-06-09 12:55:08]   …waiting for sign-in to the Boat Rental in Marbella blog
[2026-06-09 12:55:18]   …waiting for sign-in to the Boat Rental in Marbella blog
[2026-06-09 12:55:27]   …waiting for sign-in to the Boat Rental in Marbella blog
[2026-06-09 12:55:36]   …waiting for sign-in to the Boat Rental in Marbella blog
[2026-06-09 12:55:46]   …waiting for sign-in to the Boat Rental in Marbella blog
[2026-06-09 12:55:55]   …waiting for sign-in to the Boat Rental in Marbella blog
[2026-06-09 12:56:05]   …waiting for sign-in to the Boat Rental in Marbella blog
[2026-06-09 12:56:14]   …waiting for sign-in to the Boat Rental in Marbella blog
[2026-06-09 12:56:23]   …waiting for sign-in to the Boat Rental in Marbella blog
[2026-06-09 12:56:33]   …waiting for sign-in to the Boat Rental in Marbella blog
[2026-06-09 12:56:42]   …waiting for sign-in to the Boat Rental in Marbella blog
[2026-06-09 12:56:51]   …waiting for sign-in to the Boat Rental in Marbella blog
[2026-06-09 12:57:01]   …waiting for sign-in to the Boat Rental in Marbella blog
[2026-06-09 12:57:10]   …waiting for sign-in to the Boat Rental in Marbella blog
[2026-06-09 12:57:20]   …waiting for sign-in to the Boat Rental in Marbella blog
[2026-06-09 12:57:29]   …waiting for sign-in to the Boat Rental in Marbella blog
[2026-06-09 12:57:38]   …waiting for sign-in to the Boat Rental in Marbella blog
[2026-06-09 12:57:48]   …waiting for sign-in to the Boat Rental in Marbella blog
[2026-06-09 12:57:57]   …waiting for sign-in to the Boat Rental in Marbella blog
[2026-06-09 12:58:07]   …waiting for sign-in to the Boat Rental in Marbella blog
[2026-06-09 12:58:16]   …waiting for sign-in to the Boat Rental in Marbella blog
[2026-06-09 12:58:25]   …waiting for sign-in to the Boat Rental in Marbella blog
[2026-06-09 12:58:35]   …waiting for sign-in to the Boat Rental in Marbella blog
[2026-06-09 12:58:44]   …waiting for sign-in to the Boat Rental in Marbella blog
[2026-06-09 12:58:53]   …waiting for sign-in to the Boat Rental in Marbella blog
[2026-06-09 12:59:03]   …waiting for sign-in to the Boat Rental in Marbella blog
[2026-06-09 12:59:12]   …waiting for sign-in to the Boat Rental in Marbella blog
[2026-06-09 12:59:22]   …waiting for sign-in to the Boat Rental in Marbella blog
[2026-06-09 12:59:31]   …waiting for sign-in to the Boat Rental in Marbella blog
[2026-06-09 12:59:40]   …waiting for sign-in to the Boat Rental in Marbella blog
[2026-06-09 12:59:50]   …waiting for sign-in to the Boat Rental in Marbella blog
[2026-06-09 12:59:59]   …waiting for sign-in to the Boat Rental in Marbella blog
[2026-06-09 13:00:08]   …waiting for sign-in to the Boat Rental in Marbella blog
[2026-06-09 13:00:18]   …waiting for sign-in to the Boat Rental in Marbella blog
[2026-06-09 13:00:27]   …waiting for sign-in to the Boat Rental in Marbella blog
[2026-06-09 13:00:37]   …waiting for sign-in to the Boat Rental in Marbella blog
[2026-06-09 13:00:46]   …waiting for sign-in to the Boat Rental in Marbella blog
[2026-06-09 13:00:55]   …waiting for sign-in to the Boat Rental in Marbella blog
[2026-06-09 13:01:05]   …waiting for sign-in to the Boat Rental in Marbella blog
[2026-06-09 13:01:14]   …waiting for sign-in to the Boat Rental in Marbella blog
[2026-06-09 13:01:14] ✗ Timed out without capturing a working Blogger session.
[2026-06-09 13:30:04] Opening Chrome — sign into Blogger as the account that manages 'Boat Rental in Marbella'.
[2026-06-09 13:30:17]   …waiting for sign-in to the Boat Rental in Marbella blog
[2026-06-09 13:30:27]   …waiting for sign-in to the Boat Rental in Marbella blog
[2026-06-09 13:30:37]   …waiting for sign-in to the Boat Rental in Marbella blog
[2026-06-09 13:30:46]   …waiting for sign-in to the Boat Rental in Marbella blog
[2026-06-09 13:30:56]   …waiting for sign-in to the Boat Rental in Marbella blog
[2026-06-09 13:31:06]   …waiting for sign-in to the Boat Rental in Marbella blog
[2026-06-09 13:31:15]   …waiting for sign-in to the Boat Rental in Marbella blog
[2026-06-09 13:31:25]   …waiting for sign-in to the Boat Rental in Marbella blog
[2026-06-09 13:31:34]   …waiting for sign-in to the Boat Rental in Marbella blog
[2026-06-09 13:31:44]   …waiting for sign-in to the Boat Rental in Marbella blog
[2026-06-09 13:31:54]   …waiting for sign-in to the Boat Rental in Marbella blog
[2026-06-09 13:32:03]   …waiting for sign-in to the Boat Rental in Marbella blog
[2026-06-09 13:32:13]   …waiting for sign-in to the Boat Rental in Marbella blog
[2026-06-09 13:32:23]   …waiting for sign-in to the Boat Rental in Marbella blog
[2026-06-09 13:32:32]   …waiting for sign-in to the Boat Rental in Marbella blog
[2026-06-09 13:32:42]   …waiting for sign-in to the Boat Rental in Marbella blog
[2026-06-09 13:32:52]   …waiting for sign-in to the Boat Rental in Marbella blog
[2026-06-09 13:33:01]   …waiting for sign-in to the Boat Rental in Marbella blog
[2026-06-09 13:33:11]   …waiting for sign-in to the Boat Rental in Marbella blog
[2026-06-09 13:33:20]   …waiting for sign-in to the Boat Rental in Marbella blog
[2026-06-09 13:33:30]   …waiting for sign-in to the Boat Rental in Marbella blog
[2026-06-09 13:33:40]   …waiting for sign-in to the Boat Rental in Marbella blog
[2026-06-09 13:33:49]   …waiting for sign-in to the Boat Rental in Marbella blog
[2026-06-09 13:33:59]   …waiting for sign-in to the Boat Rental in Marbella blog
[2026-06-09 13:34:09]   …waiting for sign-in to the Boat Rental in Marbella blog
[2026-06-09 13:34:19]   …waiting for sign-in to the Boat Rental in Marbella blog
[2026-06-09 13:34:28]   …waiting for sign-in to the Boat Rental in Marbella blog
[2026-06-09 13:34:38]   …waiting for sign-in to the Boat Rental in Marbella blog
[2026-06-09 13:34:47]   …waiting for sign-in to the Boat Rental in Marbella blog
[2026-06-09 13:34:57]   …waiting for sign-in to the Boat Rental in Marbella blog
[2026-06-09 13:35:06]   …waiting for sign-in to the Boat Rental in Marbella blog
[2026-06-09 13:35:16]   …waiting for sign-in to the Boat Rental in Marbella blog
[2026-06-09 13:35:25]   …waiting for sign-in to the Boat Rental in Marbella blog
[2026-06-09 13:35:35]   …waiting for sign-in to the Boat Rental in Marbella blog
[2026-06-09 13:35:45]   …waiting for sign-in to the Boat Rental in Marbella blog
[2026-06-09 13:35:54]   …waiting for sign-in to the Boat Rental in Marbella blog
[2026-06-09 13:36:04]   …waiting for sign-in to the Boat Rental in Marbella blog
[2026-06-09 13:36:14]   …waiting for sign-in to the Boat Rental in Marbella blog
[2026-06-09 13:36:23]   …waiting for sign-in to the Boat Rental in Marbella blog
[2026-06-09 13:36:33]   …waiting for sign-in to the Boat Rental in Marbella blog
[2026-06-09 13:36:43]   …waiting for sign-in to the Boat Rental in Marbella blog
[2026-06-09 13:36:52]   …waiting for sign-in to the Boat Rental in Marbella blog
[2026-06-09 13:37:02]   …waiting for sign-in to the Boat Rental in Marbella blog
[2026-06-09 13:37:11]   …waiting for sign-in to the Boat Rental in Marbella blog
[2026-06-09 13:37:21]   …waiting for sign-in to the Boat Rental in Marbella blog
[2026-06-09 13:37:30]   …waiting for sign-in to the Boat Rental in Marbella blog
[2026-06-09 13:37:40]   …waiting for sign-in to the Boat Rental in Marbella blog
[2026-06-09 13:37:50]   …waiting for sign-in to the Boat Rental in Marbella blog
[2026-06-09 13:37:59]   …waiting for sign-in to the Boat Rental in Marbella blog
[2026-06-09 13:38:14]   …waiting for sign-in to the Boat Rental in Marbella blog
[2026-06-09 13:38:24]   …waiting for sign-in to the Boat Rental in Marbella blog
[2026-06-09 13:38:33]   …waiting for sign-in to the Boat Rental in Marbella blog
[2026-06-09 13:38:43]   …waiting for sign-in to the Boat Rental in Marbella blog
[2026-06-09 13:38:53]   …waiting for sign-in to the Boat Rental in Marbella blog
[2026-06-09 13:39:02]   …waiting for sign-in to the Boat Rental in Marbella blog
[2026-06-09 13:39:12]   …waiting for sign-in to the Boat Rental in Marbella blog
[2026-06-09 13:39:22]   …waiting for sign-in to the Boat Rental in Marbella blog
[2026-06-09 13:39:31]   …waiting for sign-in to the Boat Rental in Marbella blog
[2026-06-09 13:39:41]   …waiting for sign-in to the Boat Rental in Marbella blog
[2026-06-09 13:39:50]   …waiting for sign-in to the Boat Rental in Marbella blog
[2026-06-09 13:40:00]   …waiting for sign-in to the Boat Rental in Marbella blog
[2026-06-09 13:40:09]   …waiting for sign-in to the Boat Rental in Marbella blog
[2026-06-09 13:40:19]   …waiting for sign-in to the Boat Rental in Marbella blog
[2026-06-09 13:40:28]   …waiting for sign-in to the Boat Rental in Marbella blog
[2026-06-09 13:40:38]   …waiting for sign-in to the Boat Rental in Marbella blog
[2026-06-09 13:40:48]   …waiting for sign-in to the Boat Rental in Marbella blog
[2026-06-09 13:40:57]   …waiting for sign-in to the Boat Rental in Marbella blog
[2026-06-09 13:41:07]   …waiting for sign-in to the Boat Rental in Marbella blog
[2026-06-09 13:41:16]   …waiting for sign-in to the Boat Rental in Marbella blog
[2026-06-09 13:41:30]   …waiting for sign-in to the Boat Rental in Marbella blog
[2026-06-09 13:41:39]   …waiting for sign-in to the Boat Rental in Marbella blog
[2026-06-09 13:41:49]   …waiting for sign-in to the Boat Rental in Marbella blog
[2026-06-09 13:41:58]   …waiting for sign-in to the Boat Rental in Marbella blog
[2026-06-09 13:42:08]   …waiting for sign-in to the Boat Rental in Marbella blog
[2026-06-09 13:42:19]   …waiting for sign-in to the Boat Rental in Marbella blog
[2026-06-09 13:42:29]   …waiting for sign-in to the Boat Rental in Marbella blog
[2026-06-09 13:42:38]   …waiting for sign-in to the Boat Rental in Marbella blog
[2026-06-09 13:42:48]   …waiting for sign-in to the Boat Rental in Marbella blog
[2026-06-09 13:42:58]   …waiting for sign-in to the Boat Rental in Marbella blog
[2026-06-09 13:43:07]   …waiting for sign-in to the Boat Rental in Marbella blog
[2026-06-09 13:43:17]   …waiting for sign-in to the Boat Rental in Marbella blog
[2026-06-09 13:43:26]   …waiting for sign-in to the Boat Rental in Marbella blog
[2026-06-09 13:43:36]   …waiting for sign-in to the Boat Rental in Marbella blog
[2026-06-09 13:43:45]   …waiting for sign-in to the Boat Rental in Marbella blog
[2026-06-09 13:43:55]   …waiting for sign-in to the Boat Rental in Marbella blog
[2026-06-09 13:44:04]   …waiting for sign-in to the Boat Rental in Marbella blog
[2026-06-09 13:44:14]   …waiting for sign-in to the Boat Rental in Marbella blog
[2026-06-09 13:44:23]   …waiting for sign-in to the Boat Rental in Marbella blog
[2026-06-09 13:44:33]   …waiting for sign-in to the Boat Rental in Marbella blog
[2026-06-09 13:44:43]   …waiting for sign-in to the Boat Rental in Marbella blog
[2026-06-09 13:44:52]   …waiting for sign-in to the Boat Rental in Marbella blog
[2026-06-09 13:45:02]   …waiting for sign-in to the Boat Rental in Marbella blog
[2026-06-09 13:45:11]   …waiting for sign-in to the Boat Rental in Marbella blog
[2026-06-09 13:45:11] ✗ Timed out without capturing a working Blogger session.
