/Users/master/Library/Python/3.9/lib/python/site-packages/urllib3/__init__.py:35: NotOpenSSLWarning: urllib3 v2 only supports OpenSSL 1.1.1+, currently the 'ssl' module is compiled with 'LibreSSL 2.8.3'. See: https://github.com/urllib3/urllib3/issues/3020
  warnings.warn(
[1/403] 'travel blog 2026'                               +5 new (total 5)
[2/403] 'best travel blog 2026'                          +3 new (total 8)
[3/403] 'best travel blog contact us'                    +1 new (total 9)
[4/403] 'top travel blog'                                +1 new (total 10)
[5/403] 'top travel blog write for us'                   DDG blocked/failed — backing off, will retry
[6/403] 'top travel blog 2026'                           DDG blocked/failed — backing off, will retry
[7/403] 'top travel blog contact us'                     DDG blocked/failed — backing off, will retry
[8/403] 'travel blogger'                                 DDG blocked/failed — backing off, will retry
[9/403] 'travel blogger write for us'                    DDG blocked/failed — backing off, will retry
[10/403] 'travel blogger 2026'                            +8 new (total 18)
[11/403] 'travel blogger contact us'                      +3 new (total 21)
[12/403] 'best travel blogger'                            DDG blocked/failed — backing off, will retry
[13/403] 'best travel blogger write for us'               +18 new (total 39)
[14/403] 'best travel blogger 2026'                       +0 new (total 39)
[15/403] 'best travel blogger contact us'                 +1 new (total 40)
[16/403] 'top travel blogger'                             DDG blocked/failed — backing off, will retry
[17/403] 'top travel blogger write for us'                DDG blocked/failed — backing off, will retry
[18/403] 'top travel blogger 2026'                        DDG blocked/failed — backing off, will retry
[19/403] 'top travel blogger contact us'                  +3 new (total 43)
[20/403] 'sailing blog'                                   +46 new (total 89)
[21/403] 'sailing blog write for us'                      +5 new (total 94)
[22/403] 'sailing blog 2026'                              +3 new (total 97)
[23/403] 'sailing blog contact us'                        +3 new (total 100)
[24/403] 'best sailing blog'                              +1 new (total 101)
[25/403] 'best sailing blog write for us'                 +40 new (total 141)
[26/403] 'best sailing blog 2026'                         +0 new (total 141)
[27/403] 'best sailing blog contact us'                   +1 new (total 142)
[28/403] 'top sailing blog'                               DDG blocked/failed — backing off, will retry
[29/403] 'top sailing blog write for us'                  +1 new (total 143)
[30/403] 'top sailing blog 2026'                          +5 new (total 148)
[31/403] 'top sailing blog contact us'                    +1 new (total 149)
[32/403] 'yacht blog'                                     +4 new (total 153)
[33/403] 'yacht blog write for us'                        +5 new (total 158)
[34/403] 'yacht blog 2026'                                DDG blocked/failed — backing off, will retry
[35/403] 'yacht blog contact us'                          DDG blocked/failed — backing off, will retry
[36/403] 'best yacht blog'                                DDG blocked/failed — backing off, will retry
[37/403] 'best yacht blog write for us'                   +0 new (total 158)
[38/403] 'best yacht blog 2026'                           +2 new (total 160)
[39/403] 'best yacht blog contact us'                     +3 new (total 163)
[40/403] 'top yacht blog'                                 +1 new (total 164)
[41/403] 'top yacht blog write for us'                    +3 new (total 167)
[42/403] 'top yacht blog 2026'                            +1 new (total 168)
[43/403] 'top yacht blog contact us'                      +6 new (total 174)
[44/403] 'boating blog'                                   DDG blocked/failed — backing off, will retry
[45/403] 'boating blog write for us'                      +6 new (total 180)
[46/403] 'boating blog 2026'                              +4 new (total 184)
[47/403] 'boating blog contact us'                        +7 new (total 191)
[48/403] 'best boating blog'                              +5 new (total 196)
[49/403] 'best boating blog write for us'                 +0 new (total 196)
[50/403] 'best boating blog 2026'                         +2 new (total 198)
[51/403] 'best boating blog contact us'                   +2 new (total 200)
[52/403] 'top boating blog'                               +0 new (total 200)
[53/403] 'top boating blog write for us'                  +0 new (total 200)
[54/403] 'top boating blog 2026'                          +1 new (total 201)
[55/403] 'top boating blog contact us'                    +1 new (total 202)
[56/403] 'boat travel blog'                               +1 new (total 203)
[57/403] 'boat travel blog write for us'                  +1 new (total 204)
[58/403] 'boat travel blog 2026'                          DDG blocked/failed — backing off, will retry
[59/403] 'boat travel blog contact us'                    DDG blocked/failed — backing off, will retry
[60/403] 'best boat travel blog'                          DDG blocked/failed — backing off, will retry
[61/403] 'best boat travel blog write for us'             DDG blocked/failed — backing off, will retry
[62/403] 'best boat travel blog 2026'                     DDG blocked/failed — backing off, will retry
[63/403] 'best boat travel blog contact us'               +1 new (total 205)
[64/403] 'top boat travel blog'                           +1 new (total 206)
[65/403] 'top boat travel blog write for us'              +0 new (total 206)
[66/403] 'top boat travel blog 2026'                      +1 new (total 207)
[67/403] 'top boat travel blog contact us'                +1 new (total 208)
[68/403] 'adventure travel blog'                          +34 new (total 242)
[69/403] 'adventure travel blog write for us'             +5 new (total 247)
[70/403] 'adventure travel blog 2026'                     DDG blocked/failed — backing off, will retry
[71/403] 'adventure travel blog contact us'               DDG blocked/failed — backing off, will retry
[72/403] 'best adventure travel blog'                     +2 new (total 249)
[73/403] 'best adventure travel blog write for us'        +0 new (total 249)
[74/403] 'best adventure travel blog 2026'                +3 new (total 252)
[75/403] 'best adventure travel blog contact us'          +9 new (total 261)
[76/403] 'top adventure travel blog'                      +0 new (total 261)
[77/403] 'top adventure travel blog write for us'         DDG blocked/failed — backing off, will retry
[78/403] 'top adventure travel blog 2026'                 +0 new (total 261)
[79/403] 'top adventure travel blog contact us'           +1 new (total 262)
[80/403] 'luxury travel blog'                             +3 new (total 265)
[81/403] 'luxury travel blog write for us'                +5 new (total 270)
[82/403] 'luxury travel blog 2026'                        +8 new (total 278)
[83/403] 'luxury travel blog contact us'                  +3 new (total 281)
[84/403] 'best luxury travel blog'                        +2 new (total 283)
[85/403] 'best luxury travel blog write for us'           +0 new (total 283)
[86/403] 'best luxury travel blog 2026'                   +3 new (total 286)
[87/403] 'best luxury travel blog contact us'             +1 new (total 287)
[88/403] 'top luxury travel blog'                         +0 new (total 287)
[89/403] 'top luxury travel blog write for us'            +0 new (total 287)
[90/403] 'top luxury travel blog 2026'                    +0 new (total 287)
[91/403] 'top luxury travel blog contact us'              +2 new (total 289)
[92/403] 'family travel blog'                             +1 new (total 290)
[93/403] 'family travel blog write for us'                +6 new (total 296)
[94/403] 'family travel blog 2026'                        DDG blocked/failed — backing off, will retry
[95/403] 'family travel blog contact us'                  DDG blocked/failed — backing off, will retry
[96/403] 'best family travel blog'                        +5 new (total 301)
[97/403] 'best family travel blog write for us'           +0 new (total 301)
[98/403] 'best family travel blog 2026'                   +4 new (total 305)
[99/403] 'best family travel blog contact us'             +1 new (total 306)
[100/403] 'top family travel blog'                         +2 new (total 308)
[101/403] 'top family travel blog write for us'            DDG blocked/failed — backing off, will retry
[102/403] 'top family travel blog 2026'                    +3 new (total 311)
[103/403] 'top family travel blog contact us'              +1 new (total 312)
[104/403] 'couples travel blog'                            +7 new (total 319)
[105/403] 'couples travel blog write for us'               +2 new (total 321)
[106/403] 'couples travel blog 2026'                       +6 new (total 327)
[107/403] 'couples travel blog contact us'                 +4 new (total 331)
[108/403] 'best couples travel blog'                       +1 new (total 332)
[109/403] 'best couples travel blog write for us'          DDG blocked/failed — backing off, will retry
[110/403] 'best couples travel blog 2026'                  +3 new (total 335)
[111/403] 'best couples travel blog contact us'            +0 new (total 335)
[112/403] 'top couples travel blog'                        +0 new (total 335)
[113/403] 'top couples travel blog write for us'           +0 new (total 335)
[114/403] 'top couples travel blog 2026'                   +2 new (total 337)
[115/403] 'top couples travel blog contact us'             +1 new (total 338)
[116/403] 'solo travel blog'                               DDG blocked/failed — backing off, will retry
[117/403] 'solo travel blog write for us'                  DDG blocked/failed — backing off, will retry
[118/403] 'solo travel blog 2026'                          +7 new (total 345)
[119/403] 'solo travel blog contact us'                    +5 new (total 350)
[120/403] 'best solo travel blog'                          +21 new (total 371)
[121/403] 'best solo travel blog write for us'             +3 new (total 374)
[122/403] 'best solo travel blog 2026'                     +3 new (total 377)
[123/403] 'best solo travel blog contact us'               +2 new (total 379)
[124/403] 'top solo travel blog'                           +1 new (total 380)
[125/403] 'top solo travel blog write for us'              +0 new (total 380)
[126/403] 'top solo travel blog 2026'                      +2 new (total 382)
[127/403] 'top solo travel blog contact us'                +0 new (total 382)
[128/403] 'coastal travel blog'                            +24 new (total 406)
[129/403] 'coastal travel blog write for us'               +1 new (total 407)
[130/403] 'coastal travel blog 2026'                       +6 new (total 413)
[131/403] 'coastal travel blog contact us'                 DDG blocked/failed — backing off, will retry
[132/403] 'best coastal travel blog'                       +39 new (total 452)
[133/403] 'best coastal travel blog write for us'          +1 new (total 453)
[134/403] 'best coastal travel blog 2026'                  +1 new (total 454)
[135/403] 'best coastal travel blog contact us'            +1 new (total 455)
[136/403] 'top coastal travel blog'                        +0 new (total 455)
[137/403] 'top coastal travel blog write for us'           +1 new (total 456)
[138/403] 'top coastal travel blog 2026'                   +1 new (total 457)
[139/403] 'top coastal travel blog contact us'             DDG blocked/failed — backing off, will retry
[140/403] 'island hopping blog'                            DDG blocked/failed — backing off, will retry
[141/403] 'island hopping blog write for us'               DDG blocked/failed — backing off, will retry
[142/403] 'island hopping blog 2026'                       +10 new (total 467)
[143/403] 'island hopping blog contact us'                 +7 new (total 474)
[144/403] 'best island hopping blog'                       +4 new (total 478)
[145/403] 'best island hopping blog write for us'          +18 new (total 496)
[146/403] 'best island hopping blog 2026'                  +3 new (total 499)
[147/403] 'best island hopping blog contact us'            DDG blocked/failed — backing off, will retry
[148/403] 'top island hopping blog'                        +3 new (total 502)
[149/403] 'top island hopping blog write for us'           +0 new (total 502)
[150/403] 'top island hopping blog 2026'                   +1 new (total 503)
[151/403] 'top island hopping blog contact us'             +2 new (total 505)
[152/403] 'beach travel blog'                              +5 new (total 510)
[153/403] 'beach travel blog write for us'                 +0 new (total 510)
[154/403] 'beach travel blog 2026'                         +6 new (total 516)
[155/403] 'beach travel blog contact us'                   +6 new (total 522)
[156/403] 'best beach travel blog'                         +1 new (total 523)
[157/403] 'best beach travel blog write for us'            +0 new (total 523)
[158/403] 'best beach travel blog 2026'                    +2 new (total 525)
[159/403] 'best beach travel blog contact us'              +3 new (total 528)
[160/403] 'top beach travel blog'                          +0 new (total 528)
[161/403] 'top beach travel blog write for us'             +0 new (total 528)
[162/403] 'top beach travel blog 2026'                     +1 new (total 529)
[163/403] 'top beach travel blog contact us'               +2 new (total 531)
[164/403] 'digital nomad travel blog'                      +5 new (total 536)
[165/403] 'digital nomad travel blog write for us'         +1 new (total 537)
[166/403] 'digital nomad travel blog 2026'                 +8 new (total 545)
[167/403] 'digital nomad travel blog contact us'           +3 new (total 548)
[168/403] 'best digital nomad travel blog'                 +1 new (total 549)
[169/403] 'best digital nomad travel blog write for us'    +0 new (total 549)
[170/403] 'best digital nomad travel blog 2026'            +5 new (total 554)
[171/403] 'best digital nomad travel blog contact us'      DDG blocked/failed — backing off, will retry
[172/403] 'top digital nomad travel blog'                  DDG blocked/failed — backing off, will retry
[173/403] 'top digital nomad travel blog write for us'     DDG blocked/failed — backing off, will retry
[174/403] 'top digital nomad travel blog 2026'             DDG blocked/failed — backing off, will retry
[175/403] 'top digital nomad travel blog contact us'       +2 new (total 556)
[176/403] 'budget travel blog'                             +0 new (total 556)
[177/403] 'budget travel blog write for us'                +1 new (total 557)
[178/403] 'budget travel blog 2026'                        +6 new (total 563)
[179/403] 'budget travel blog contact us'                  +4 new (total 567)
[180/403] 'best budget travel blog'                        +3 new (total 570)
[181/403] 'best budget travel blog write for us'           +0 new (total 570)
[182/403] 'best budget travel blog 2026'                   DDG blocked/failed — backing off, will retry
[183/403] 'best budget travel blog contact us'             +34 new (total 604)
[184/403] 'top budget travel blog'                         +0 new (total 604)
[185/403] 'top budget travel blog write for us'            +0 new (total 604)
[186/403] 'top budget travel blog 2026'                    +3 new (total 607)
[187/403] 'top budget travel blog contact us'              +0 new (total 607)
[188/403] 'outdoor adventure blog'                         +3 new (total 610)
[189/403] 'outdoor adventure blog write for us'            DDG blocked/failed — backing off, will retry
[190/403] 'outdoor adventure blog 2026'                    DDG blocked/failed — backing off, will retry
[191/403] 'outdoor adventure blog contact us'              DDG blocked/failed — backing off, will retry
[192/403] 'best outdoor adventure blog'                    DDG blocked/failed — backing off, will retry
[193/403] 'best outdoor adventure blog write for us'       +37 new (total 647)
[194/403] 'best outdoor adventure blog 2026'               +1 new (total 648)
[195/403] 'best outdoor adventure blog contact us'         +2 new (total 650)
[196/403] 'top outdoor adventure blog'                     +2 new (total 652)
[197/403] 'top outdoor adventure blog write for us'        +0 new (total 652)
[198/403] 'top outdoor adventure blog 2026'                +0 new (total 652)
[199/403] 'top outdoor adventure blog contact us'          +2 new (total 654)
[200/403] 'watersports blog'                               +6 new (total 660)
[201/403] 'watersports blog write for us'                  +4 new (total 664)
[202/403] 'watersports blog 2026'                          +16 new (total 680)
[203/403] 'watersports blog contact us'                    DDG blocked/failed — backing off, will retry
[204/403] 'best watersports blog'                          +34 new (total 714)
[205/403] 'best watersports blog write for us'             +39 new (total 753)
[206/403] 'best watersports blog 2026'                     +1 new (total 754)
[207/403] 'best watersports blog contact us'               +4 new (total 758)
[208/403] 'top watersports blog'                           +3 new (total 761)
[209/403] 'top watersports blog write for us'              +0 new (total 761)
[210/403] 'top watersports blog 2026'                      +3 new (total 764)
[211/403] 'top watersports blog contact us'                +2 new (total 766)
[212/403] 'scuba diving blog'                              +1 new (total 767)
[213/403] 'scuba diving blog write for us'                 +3 new (total 770)
[214/403] 'scuba diving blog 2026'                         +3 new (total 773)
[215/403] 'scuba diving blog contact us'                   +4 new (total 777)
[216/403] 'best scuba diving blog'                         +2 new (total 779)
[217/403] 'best scuba diving blog write for us'            +0 new (total 779)
[218/403] 'best scuba diving blog 2026'                    +2 new (total 781)
[219/403] 'best scuba diving blog contact us'              +0 new (total 781)
[220/403] 'top scuba diving blog'                          +0 new (total 781)
[221/403] 'top scuba diving blog write for us'             +7 new (total 788)
[222/403] 'top scuba diving blog 2026'                     +0 new (total 788)
[223/403] 'top scuba diving blog contact us'               +0 new (total 788)
[224/403] 'yacht charter blog'                             +8 new (total 796)
[225/403] 'yacht charter blog write for us'                DDG blocked/failed — backing off, will retry
[226/403] 'yacht charter blog 2026'                        +6 new (total 802)
[227/403] 'yacht charter blog contact us'                  +3 new (total 805)
[228/403] 'best yacht charter blog'                        +1 new (total 806)
[229/403] 'best yacht charter blog write for us'           +2 new (total 808)
[230/403] 'best yacht charter blog 2026'                   +2 new (total 810)
[231/403] 'best yacht charter blog contact us'             +1 new (total 811)
[232/403] 'top yacht charter blog'                         +0 new (total 811)
[233/403] 'top yacht charter blog write for us'            DDG blocked/failed — backing off, will retry
[234/403] 'top yacht charter blog 2026'                    DDG blocked/failed — backing off, will retry
[235/403] 'top yacht charter blog contact us'              DDG blocked/failed — backing off, will retry
[236/403] 'mediterranean travel blog'                      +6 new (total 817)
[237/403] 'mediterranean travel blog write for us'         +2 new (total 819)
[238/403] 'mediterranean travel blog 2026'                 +7 new (total 826)
[239/403] 'mediterranean travel blog contact us'           DDG blocked/failed — backing off, will retry
[240/403] 'best mediterranean travel blog'                 DDG blocked/failed — backing off, will retry
[241/403] 'best mediterranean travel blog write for us'    +1 new (total 827)
[242/403] 'best mediterranean travel blog 2026'            +8 new (total 835)
[243/403] 'best mediterranean travel blog contact us'      +42 new (total 877)
[244/403] 'top mediterranean travel blog'                  +1 new (total 878)
[245/403] 'top mediterranean travel blog write for us'     +0 new (total 878)
[246/403] 'top mediterranean travel blog 2026'             DDG blocked/failed — backing off, will retry
[247/403] 'top mediterranean travel blog contact us'       DDG blocked/failed — backing off, will retry
[248/403] 'greek islands travel blog'                      DDG blocked/failed — backing off, will retry
[249/403] 'greek islands travel blog write for us'         DDG blocked/failed — backing off, will retry
[250/403] 'greek islands travel blog 2026'                 DDG blocked/failed — backing off, will retry
[251/403] 'greek islands travel blog contact us'           +7 new (total 885)
[252/403] 'best greek islands travel blog'                 +4 new (total 889)
[253/403] 'best greek islands travel blog write for us'    +2 new (total 891)
[254/403] 'best greek islands travel blog 2026'            +6 new (total 897)
[255/403] 'best greek islands travel blog contact us'      +0 new (total 897)
[256/403] 'top greek islands travel blog'                  +13 new (total 910)
[257/403] 'top greek islands travel blog write for us'     +1 new (total 911)
[258/403] 'top greek islands travel blog 2026'             +1 new (total 912)
[259/403] 'top greek islands travel blog contact us'       +0 new (total 912)
[260/403] 'croatia travel blog'                            DDG blocked/failed — backing off, will retry
[261/403] 'croatia travel blog write for us'               DDG blocked/failed — backing off, will retry
[262/403] 'croatia travel blog 2026'                       DDG blocked/failed — backing off, will retry
[263/403] 'croatia travel blog contact us'                 DDG blocked/failed — backing off, will retry
[264/403] 'best croatia travel blog'                       DDG blocked/failed — backing off, will retry
[265/403] 'best croatia travel blog write for us'          +4 new (total 916)
[266/403] 'best croatia travel blog 2026'                  +6 new (total 922)
[267/403] 'best croatia travel blog contact us'            +0 new (total 922)
[268/403] 'top croatia travel blog'                        +2 new (total 924)
[269/403] 'top croatia travel blog write for us'           +0 new (total 924)
[270/403] 'top croatia travel blog 2026'                   DDG blocked/failed — backing off, will retry
[271/403] 'top croatia travel blog contact us'             DDG blocked/failed — backing off, will retry
[272/403] 'spain travel blog'                              +2 new (total 926)
[273/403] 'spain travel blog write for us'                 +4 new (total 930)
[274/403] 'spain travel blog 2026'                         +4 new (total 934)
[275/403] 'spain travel blog contact us'                   +2 new (total 936)
[276/403] 'best spain travel blog'                         +1 new (total 937)
[277/403] 'best spain travel blog write for us'            +0 new (total 937)
[278/403] 'best spain travel blog 2026'                    +5 new (total 942)
[279/403] 'best spain travel blog contact us'              +0 new (total 942)
[280/403] 'top spain travel blog'                          +0 new (total 942)
[281/403] 'top spain travel blog write for us'             +1 new (total 943)
[282/403] 'top spain travel blog 2026'                     +0 new (total 943)
[283/403] 'top spain travel blog contact us'               DDG blocked/failed — backing off, will retry
[284/403] 'italy travel blog'                              DDG blocked/failed — backing off, will retry
[285/403] 'italy travel blog write for us'                 +31 new (total 974)
[286/403] 'italy travel blog 2026'                         +8 new (total 982)
[287/403] 'italy travel blog contact us'                   +4 new (total 986)
[288/403] 'best italy travel blog'                         +1 new (total 987)
[289/403] 'best italy travel blog write for us'            +1 new (total 988)
[290/403] 'best italy travel blog 2026'                    +2 new (total 990)
[291/403] 'best italy travel blog contact us'              +0 new (total 990)
[292/403] 'top italy travel blog'                          +0 new (total 990)
[293/403] 'top italy travel blog write for us'             +0 new (total 990)
[294/403] 'top italy travel blog 2026'                     +2 new (total 992)
[295/403] 'top italy travel blog contact us'               +3 new (total 995)
[296/403] 'portugal travel blog'                           DDG blocked/failed — backing off, will retry
[297/403] 'portugal travel blog write for us'              DDG blocked/failed — backing off, will retry
[298/403] 'portugal travel blog 2026'                      +4 new (total 999)
[299/403] 'portugal travel blog contact us'                +7 new (total 1006)
[300/403] 'best portugal travel blog'                      +34 new (total 1040)
[301/403] 'best portugal travel blog write for us'         +0 new (total 1040)
[302/403] 'best portugal travel blog 2026'                 +0 new (total 1040)
[303/403] 'best portugal travel blog contact us'           DDG blocked/failed — backing off, will retry
[304/403] 'top portugal travel blog'                       DDG blocked/failed — backing off, will retry
[305/403] 'top portugal travel blog write for us'          +0 new (total 1040)
[306/403] 'top portugal travel blog 2026'                  +0 new (total 1040)
[307/403] 'top portugal travel blog contact us'            +0 new (total 1040)
[308/403] 'caribbean travel blog'                          +35 new (total 1075)
[309/403] 'caribbean travel blog write for us'             +0 new (total 1075)
[310/403] 'caribbean travel blog 2026'                     DDG blocked/failed — backing off, will retry
[311/403] 'caribbean travel blog contact us'               DDG blocked/failed — backing off, will retry
[312/403] 'best caribbean travel blog'                     DDG blocked/failed — backing off, will retry
[313/403] 'best caribbean travel blog write for us'        DDG blocked/failed — backing off, will retry
[314/403] 'best caribbean travel blog 2026'                DDG blocked/failed — backing off, will retry
[315/403] 'best caribbean travel blog contact us'          DDG blocked/failed — backing off, will retry
[316/403] 'top caribbean travel blog'                      DDG blocked/failed — backing off, will retry
[317/403] 'top caribbean travel blog write for us'         DDG blocked/failed — backing off, will retry
[318/403] 'top caribbean travel blog 2026'                 DDG blocked/failed — backing off, will retry
[319/403] 'top caribbean travel blog contact us'           DDG blocked/failed — backing off, will retry
[320/403] 'thailand travel blog'                           DDG blocked/failed — backing off, will retry
[321/403] 'thailand travel blog write for us'              DDG blocked/failed — backing off, will retry
[322/403] 'thailand travel blog 2026'                      DDG blocked/failed — backing off, will retry
[323/403] 'thailand travel blog contact us'                DDG blocked/failed — backing off, will retry
[324/403] 'best thailand travel blog'                      DDG blocked/failed — backing off, will retry
[325/403] 'best thailand travel blog write for us'         +41 new (total 1116)
[326/403] 'best thailand travel blog 2026'                 +5 new (total 1121)
[327/403] 'best thailand travel blog contact us'           +3 new (total 1124)
[328/403] 'top thailand travel blog'                       +0 new (total 1124)
[329/403] 'top thailand travel blog write for us'          +2 new (total 1126)
[330/403] 'top thailand travel blog 2026'                  +1 new (total 1127)
[331/403] 'top thailand travel blog contact us'            DDG blocked/failed — backing off, will retry
[332/403] 'dubai travel blog'                              +11 new (total 1138)
[333/403] 'dubai travel blog write for us'                 +9 new (total 1147)
[334/403] 'dubai travel blog 2026'                         +9 new (total 1156)
[335/403] 'dubai travel blog contact us'                   +3 new (total 1159)
[336/403] 'best dubai travel blog'                         +1 new (total 1160)
[337/403] 'best dubai travel blog write for us'            +1 new (total 1161)
[338/403] 'best dubai travel blog 2026'                    +0 new (total 1161)
[339/403] 'best dubai travel blog contact us'              DDG blocked/failed — backing off, will retry
[340/403] 'top dubai travel blog'                          DDG blocked/failed — backing off, will retry
[341/403] 'top dubai travel blog write for us'             DDG blocked/failed — backing off, will retry
[342/403] 'top dubai travel blog 2026'                     DDG blocked/failed — backing off, will retry
[343/403] 'top dubai travel blog contact us'               DDG blocked/failed — backing off, will retry
[344/403] 'france travel blog'                             DDG blocked/failed — backing off, will retry
[345/403] 'france travel blog write for us'                DDG blocked/failed — backing off, will retry
[346/403] 'france travel blog 2026'                        DDG blocked/failed — backing off, will retry
[347/403] 'france travel blog contact us'                  DDG blocked/failed — backing off, will retry
[348/403] 'best france travel blog'                        DDG blocked/failed — backing off, will retry
[349/403] 'best france travel blog write for us'           DDG blocked/failed — backing off, will retry
[350/403] 'best france travel blog 2026'                   DDG blocked/failed — backing off, will retry
[351/403] 'best france travel blog contact us'             DDG blocked/failed — backing off, will retry
[352/403] 'top france travel blog'                         DDG blocked/failed — backing off, will retry
[353/403] 'top france travel blog write for us'            DDG blocked/failed — backing off, will retry
[354/403] 'top france travel blog 2026'                    +3 new (total 1164)
[355/403] 'top france travel blog contact us'              +1 new (total 1165)
[356/403] 'turkey travel blog'                             +5 new (total 1170)
[357/403] 'turkey travel blog write for us'                +13 new (total 1183)
[358/403] 'turkey travel blog 2026'                        DDG blocked/failed — backing off, will retry
[359/403] 'turkey travel blog contact us'                  DDG blocked/failed — backing off, will retry
[360/403] 'best turkey travel blog'                        +2 new (total 1185)
[361/403] 'best turkey travel blog write for us'           +16 new (total 1201)
[362/403] 'best turkey travel blog 2026'                   +5 new (total 1206)
[363/403] 'best turkey travel blog contact us'             +3 new (total 1209)
[364/403] 'top turkey travel blog'                         +0 new (total 1209)
[365/403] 'top turkey travel blog write for us'            +0 new (total 1209)
[366/403] 'top turkey travel blog 2026'                    +1 new (total 1210)
[367/403] 'top turkey travel blog contact us'              DDG blocked/failed — backing off, will retry
[368/403] 'amalfi coast travel blog'                       DDG blocked/failed — backing off, will retry
[369/403] 'amalfi coast travel blog write for us'          DDG blocked/failed — backing off, will retry
[370/403] 'amalfi coast travel blog 2026'                  DDG blocked/failed — backing off, will retry
[371/403] 'amalfi coast travel blog contact us'            DDG blocked/failed — backing off, will retry
[372/403] 'best amalfi coast travel blog'                  DDG blocked/failed — backing off, will retry
[373/403] 'best amalfi coast travel blog write for us'     +6 new (total 1216)
[374/403] 'best amalfi coast travel blog 2026'             +5 new (total 1221)
[375/403] 'best amalfi coast travel blog contact us'       +2 new (total 1223)
[376/403] 'top amalfi coast travel blog'                   +0 new (total 1223)
[377/403] 'top amalfi coast travel blog write for us'      +0 new (total 1223)
[378/403] 'top amalfi coast travel blog 2026'              +1 new (total 1224)
[379/403] 'top amalfi coast travel blog contact us'        DDG blocked/failed — backing off, will retry
[380/403] 'cruise travel blog'                             DDG blocked/failed — backing off, will retry
[381/403] 'cruise travel blog write for us'                +3 new (total 1227)
[382/403] 'cruise travel blog 2026'                        +6 new (total 1233)
[383/403] 'cruise travel blog contact us'                  DDG blocked/failed — backing off, will retry
[384/403] 'best cruise travel blog'                        +9 new (total 1242)
[385/403] 'best cruise travel blog write for us'           +0 new (total 1242)
[386/403] 'best cruise travel blog 2026'                   +1 new (total 1243)
[387/403] 'best cruise travel blog contact us'             DDG blocked/failed — backing off, will retry
[388/403] 'top cruise travel blog'                         DDG blocked/failed — backing off, will retry
[389/403] 'top cruise travel blog write for us'            +0 new (total 1243)
[390/403] 'top cruise travel blog 2026'                    +0 new (total 1243)
[391/403] 'top cruise travel blog contact us'              +2 new (total 1245)
[392/403] 'luxury yacht lifestyle blog'                    +7 new (total 1252)
[393/403] 'luxury yacht lifestyle blog write for us'       +2 new (total 1254)
[394/403] 'luxury yacht lifestyle blog 2026'               DDG blocked/failed — backing off, will retry
[395/403] 'luxury yacht lifestyle blog contact us'         +3 new (total 1257)
[396/403] 'best luxury yacht lifestyle blog'               +1 new (total 1258)
[397/403] 'best luxury yacht lifestyle blog write for us'  +0 new (total 1258)
[398/403] 'best luxury yacht lifestyle blog 2026'          +6 new (total 1264)
[399/403] 'best luxury yacht lifestyle blog contact us'    +2 new (total 1266)
[400/403] 'top luxury yacht lifestyle blog'                DDG blocked/failed — backing off, will retry
[401/403] 'top luxury yacht lifestyle blog write for us'   DDG blocked/failed — backing off, will retry
[402/403] 'top luxury yacht lifestyle blog 2026'           DDG blocked/failed — backing off, will retry
[403/403] 'top luxury yacht lifestyle blog contact us'     DDG blocked/failed — backing off, will retry
discover done: +1266 new blogs
