/Users/master/Library/Python/3.9/lib/python/site-packages/urllib3/__init__.py:35: NotOpenSSLWarning: urllib3 v2 only supports OpenSSL 1.1.1+, currently the 'ssl' module is compiled with 'LibreSSL 2.8.3'. See: https://github.com/urllib3/urllib3/issues/3020
  warnings.warn(
  [1/1515] traveloffpath.com                      -     emails:0
  [2/1515] againstthecompass.com                  -     emails:0
  [3/1515] findingtheuniverse.com                 -     emails:0
  [4/1515] wildjunket.com                         -     emails:0
  [5/1515] indietraveller.co                      -     emails:0
  [6/1515] anywhereweroam.com                     -     emails:0
  [7/1515] travelsofadam.com                      -     emails:0
  [8/1515] goingawesomeplaces.com                 form  emails:0
  [9/1515] atlasandboots.com                      form  emails:1
  [10/1515] stingynomads.com                       form  emails:1
  [11/1515] alongdustyroads.com                    form  emails:1
  [12/1515] ottsworld.com                          -     emails:0
  [13/1515] hikebiketravel.com                     -     emails:0
  [14/1515] traveldudes.com                        -     emails:0
  [15/1515] velvetescape.com                       -     emails:0
  [16/1515] danflyingsolo.com                      -     emails:0
  [17/1515] heatheronhertravels.com                form  emails:2
  [18/1515] localadventurer.com                    -     emails:0
  [19/1515] breathedreamgo.com                     -     emails:0
  [20/1515] twomonkeystravelgroup.com              -     emails:0
  [21/1515] chasingthedonkey.com                   -     emails:0
  [22/1515] the-shooting-star.com                  -     emails:0
  [23/1515] ytravelblog.com                        form  emails:0
  [24/1515] honeytrek.com                          form  emails:0
  [25/1515] thepoortraveler.net                    form  emails:1
  [26/1515] thepackablelife.com                    form  emails:1
  [27/1515] travelwriteforus.com                   -     emails:0
  [28/1515] theofficialtraveler.com                -     emails:0
  [29/1515] onedayitinerary.com                    -     emails:0
  [30/1515] traveltourister.com                    form  emails:1
  [31/1515] outofoffice.blog                       form  emails:1
  [32/1515] travelistia.com                        form  emails:1
  [33/1515] travelblog.org                         -     emails:0
  [34/1515] artoftravel.tips                       form  emails:0
  [35/1515] loveandroad.com                        form  emails:1
  [36/1515] inditales.com                          form  emails:1
  [37/1515] tourandtravelblog.com                  form  emails:1
  [38/1515] thebrokebackpacker.com                 -     emails:0
  [39/1515] loving-newyork.com                     -     emails:0
  [40/1515] solotravelerworld.com                  -     emails:0
  [41/1515] writeforus.org                         form  emails:1
  [42/1515] travelandleisure.com                   -     emails:0
  [43/1515] rwethereyetmom.com                     -     emails:0
  [44/1515] travl.blog                             form  emails:1
  [45/1515] sketchandtravel.com                    form  emails:0
  [46/1515] embracesomeplace.com                   -     emails:0
  [47/1515] madornomad.com                         form  emails:1
  [48/1515] expertvagabond.com                     form  emails:1
  [49/1515] road-trip-usa.com                      form  emails:0
  [50/1515] thetravel.com                          form  emails:1
  [51/1515] discoveringhiddengems.com              form  emails:0
  [52/1515] traveldiaryparnashree.com              -     emails:0
  [53/1515] greenglobaltravel.com                  -     emails:0
  [54/1515] travelerwiz.com                        form  emails:2
  [55/1515] sarowly.me                             form  emails:1
  [56/1515] budgettravelwithgabby.com              form  emails:1
  [57/1515] carolineinthecityblog.com              form  emails:0
  [58/1515] picklestravel.com                      form  emails:1
  [59/1515] bestvacationdealz.com                  -     emails:0
  [60/1515] exodustravels.com                      form  emails:3
  [61/1515] bloggeratlarge.com                     -     emails:0
  [62/1515] waywardblog.com                        form  emails:0
  [63/1515] outoria.com                            -     emails:0
  [64/1515] easyusatrips.com                       form  emails:1
  [65/1515] travelpayouts.com                      form  emails:1
  [66/1515] mewanttravel.com                       form  emails:1
  [67/1515] clutch.co                              -     emails:0
  [68/1515] thehappyjetlagger.com                  form  emails:1
  [69/1515] travelblogging101.com                  form  emails:0
  [70/1515] travelophia.com                        -     emails:0
  [71/1515] goodfirms.co                           -     emails:0
  [72/1515] 52perfectdays.com                      form  emails:1
  [73/1515] vefogix.crisp.help                     -     emails:1
  [74/1515] whattodo-vi.com                        form  emails:1
  [75/1515] topfirms.co                            form  emails:1
  [76/1515] dashboard.wranker.com                  -     emails:0
  [77/1515] czechtheworld.com                      form  emails:2
  [78/1515] bbc.com                                form  emails:0
  [79/1515] americantravelblogger.com              form  emails:1
  [80/1515] awesomebloggers.com                    -     emails:0
  [81/1515] talkbitz.com                           -     emails:0
  [82/1515] nytimes.com                            form  emails:0
  [83/1515] ahoymatey.blog                         form  emails:1
  [84/1515] stacyknows.com                         -     emails:0
  [85/1515] bethgraham.com                         -     emails:0
  [86/1515] ryrob.com                              -     emails:0
  [87/1515] forbes.com                             form  emails:4
  [88/1515] ofwhiskeyandwords.com                  form  emails:1
  [89/1515] travellingweasels.com                  form  emails:1
  [90/1515] cnn.com                                form  emails:1
  [91/1515] digitaltravelexpert.com                form  emails:1
  [92/1515] busymomsidehustle.com                  form  emails:1
  [93/1515] travelwriting2.com                     -     emails:0
  [94/1515] reeltrip.com                           -     emails:0
  [95/1515] carpe-travel.com                       form  emails:1
  [96/1515] trekguider.com                         -     emails:0
  [97/1515] itravelguy.com                         form  emails:1
  [98/1515] westgateresorts.com                    form  emails:0
  [99/1515] urbantravelblog.com                    form  emails:1
  [100/1515] girlonazebra.com                       form  emails:1
  [101/1515] goworldtravel.com                      form  emails:0
  [102/1515] dangerous-business.com                 -     emails:0
  [103/1515] clarknorton.com                        -     emails:0
  [104/1515] world-words.com                        form  emails:1
  [105/1515] intrepidtimes.com                      form  emails:1
  [106/1515] dreamoftravelwriting.com               form  emails:1
  [107/1515] travelwritingworld.com                 form  emails:1
  [108/1515] madhulikaliddle.com                    form  emails:3
  [109/1515] blog.ricksteves.com                    form  emails:1
  [110/1515] abhisheksanyal.wordpress.com           form  emails:0
  [111/1515] theincidentaltourist.com               form  emails:1
  [112/1515] meemainseen.com                        -     emails:0
  [113/1515] coffeeandmascara.org                   -     emails:0
  [114/1515] tamlynamberwanderlust.com              form  emails:0
  [115/1515] joshuaberman.net                       -     emails:2
  [116/1515] thesocialshepherd.com                  -     emails:0
  [117/1515] travelbloggersguide.com                form  emails:1
  [118/1515] mikeandlauratravel.com                 form  emails:0
  [119/1515] leamigo.com                            form  emails:0
  [120/1515] sailchecker.com                        form  emails:2
  [121/1515] ussailing.org                          -     emails:0
  [122/1515] influencer-hero.com                    form  emails:2
  [123/1515] no-frills-sailing.com                  form  emails:1
  [124/1515] letsfullyexplore.com                   form  emails:1
  [125/1515] wptravel.io                            -     emails:0
  [126/1515] sailingscuttlebutt.com                 -     emails:0
  [127/1515] sailingtotem.com                       form  emails:0
  [128/1515] 48north.com                            -     emails:0
  [129/1515] sailmagazine.com                       form  emails:3
  [130/1515] yachtingmonthly.com                    form  emails:12
  [131/1515] offshoresailing.com                    -     emails:0
  [132/1515] sailinganarchy.com                     -     emails:0
  [133/1515] influencers.club                       -     emails:3
  [134/1515] spinsheet.com                          -     emails:0
  [135/1515] tripfrogapp.com                        form  emails:1
  [136/1515] sailingtoday.co.uk                     -     emails:0
  [137/1515] windcheckmagazine.com                  -     emails:0
  [138/1515] sailingworld.com                       form  emails:1
  [139/1515] latitude38.com                         form  emails:0
  [140/1515] sailingbritican.com                    -     emails:0
  [141/1515] sailingsimplicity.com                  -     emails:0
  [142/1515] roostersailing.com                     form  emails:0
  [143/1515] sailcaribbean.com                      -     emails:0
  [144/1515] sailing-blog.nauticed.org              form  emails:4
  [145/1515] firstclasssailing.com                  -     emails:0
  [146/1515] sailingeurope.com                      -     emails:0
  [147/1515] blog.theglobesailor.com                form  emails:0
  [148/1515] sunsail.com                            form  emails:1
  [149/1515] ontariosailing.ca                      -     emails:0
  [150/1515] classicsailor.com                      form  emails:4
  [151/1515] yacht-rent.com                         -     emails:0
  [152/1515] xpatmatt.com                           form  emails:1
  [153/1515] gofunsailing.com                       form  emails:1
  [154/1515] propercourse.blogspot.com              -     emails:1
  [155/1515] navigatecontent.com                    form  emails:1
  [156/1515] nauticmag.com                          form  emails:3
  [157/1515] theadventurejunkies.com                -     emails:0
  [158/1515] thevanabondtales.com                   -     emails:0
  [159/1515] sailing-jworld.com                     form  emails:1
  [160/1515] sailuniverse.com                       -     emails:0
  [161/1515] clevermariner.com                      form  emails:3
  [162/1515] sailblogs.com                          -     emails:0
  [163/1515] lymeregissailingclub.com               form  emails:1
  [164/1515] improvesailing.com                     form  emails:1
  [165/1515] cloudways.com                          -     emails:0
  [166/1515] bluedotvoyages.com                     form  emails:1
  [167/1515] oldmansailing.com                      form  emails:1
  [168/1515] catsailingnews.com                     form  emails:0
  [169/1515] travelsketchsailing.com                form  emails:0
  [170/1515] velocityyachts.com                     form  emails:0
  [171/1515] beafreelanceblogger.com                form  emails:1
  [172/1515] sailingtowinblog.com                   form  emails:0
  [173/1515] yachtingworld.com                      form  emails:9
  [174/1515] thesailingnomads.com                   -     emails:0
  [175/1515] savingtosail.com                       -     emails:0
  [176/1515] myboatz.com                            -     emails:0
  [177/1515] sailoscope.com                         -     emails:1
  [178/1515] boattest.com                           -     emails:0
  [179/1515] foghornlullaby.com                     form  emails:1
  [180/1515] theislander.online                     form  emails:4
  [181/1515] pbo.co.uk                              form  emails:16
  [182/1515] mby.com                                form  emails:12
  [183/1515] sailinglogic.net                       form  emails:0
  [184/1515] proboat.com                            -     emails:0
  [185/1515] creampuff.us                           form  emails:0
  [186/1515] boatblurb.com                          form  emails:0
  [187/1515] discoverboating.com                    -     emails:0
  [188/1515] panbo.com                              -     emails:0
  [189/1515] boatinternational.com                  form  emails:4
  [190/1515] theboatgalley.com                      -     emails:0
  [191/1515] theboatinghub.com                      -     emails:0
  [192/1515] woodenboat.com                         form  emails:3
  [193/1515] thelog.com                             -     emails:0
  [194/1515] boats.com                              form  emails:0
  [195/1515] ibinews.com                            form  emails:13
  [196/1515] boat-ed.com                            -     emails:0
  [197/1515] seabits.com                            form  emails:0
  [198/1515] plugboats.com                          -     emails:0
  [199/1515] intheboatshed.net                      form  emails:1
  [200/1515] cruisingworld.com                      form  emails:1
  [201/1515] nboat.com                              -     emails:0
  [202/1515] boatplanet.com                         -     emails:0
  [203/1515] rightboat.com                          -     emails:0
  [204/1515] betterboat.com                         form  emails:1
  [205/1515] classicboat.co.uk                      -     emails:0
  [206/1515] fishtalkmag.com                        -     emails:0
  [207/1515] waterbornemag.com                      -     emails:0
  [208/1515] goboatingflorida.com                   -     emails:0
  [209/1515] sportsmanboatsmfg.com                  form  emails:1
  [210/1515] myboatlife.com                         -     emails:0
  [211/1515] southernboating.com                    form  emails:13
  [212/1515] boatnews.com                           form  emails:0
  [213/1515] interestingsailboats.blogspot.com      -     emails:1
  [214/1515] westlandcovers.com                     -     emails:0
  [215/1515] boatzon.com                            -     emails:0
  [216/1515] captnmike.com                          form  emails:0
  [217/1515] sailcity.com                           form  emails:2
  [218/1515] sailboat-cruising.com                  form  emails:0
  [219/1515] nisswamarine.com                       -     emails:0
  [220/1515] boatlife.com                           form  emails:0
  [221/1515] waggonerguide.com                      -     emails:0
  [222/1515] dreamtimesail.blogspot.com             -     emails:0
  [223/1515] seavendors.com                         form  emails:0
  [224/1515] planm8.io                              form  emails:1
  [225/1515] thefosterjourney.blog                  -     emails:0
  [226/1515] blog.yatco.com                         form  emails:1
  [227/1515] fraseryachts.com                       -     emails:0
  [228/1515] lifeofsailing.com                      form  emails:1
  [229/1515] thesandshore.com                       form  emails:1
