/Users/master/Library/Python/3.9/lib/python/site-packages/urllib3/__init__.py:35: NotOpenSSLWarning: urllib3 v2 only supports OpenSSL 1.1.1+, currently the 'ssl' module is compiled with 'LibreSSL 2.8.3'. See: https://github.com/urllib3/urllib3/issues/3020
  warnings.warn(
Form candidates: 43 (shard 11/20)
  [   1/43] charterboatpuertobanus.com             → failed
  [   2/43] noleggiobarcheportofino.it             → failed
  [   3/43] skiathosboats.gr                       → captcha
  [   4/43] mvleisurecharters.com                  → captcha
  [   5/43] lakeozarkboatrental.com                → captcha
  [   6/43] lomboksailingadventures.com            → captcha
  [   7/43] celesteseas.com                        → failed
  [   8/43] ventodigrecale.net                     → captcha
  [   9/43] yachthavens.com                        → captcha
  [  10/43] blueboat.nl                            → submitted
  [  11/43] tikiboatsrental.com                    → captcha
  [  12/43] boatcharterkomodo.com                  → js_form
  [  13/43] benalmadenarentboat.com                → captcha
  [  14/43] calpe.tours                            → captcha
  [  15/43] divinachartermenorca.com               → captcha
  [  16/43] rentboatempuriabrava.com               → captcha
  [  17/43] formenterayacht.com                    → failed
  [  18/43] antibes-bateaux.com                    → captcha
  [  19/43] kmbnaxos.com                           → captcha
  [  20/43] justenjoyibizaboats.com                → js_form
  [  21/43] sea-seacharters.com                    → failed
  [  22/43] paddlesportsca.com                     → failed
  [  23/43] capetowncruise.com                     → captcha
  [  24/43] alavelayachting.es                     → captcha
  [  25/43] charteralia.com                        → submitted
  [  26/43] sailclearwater.org                     → captcha
  [  27/43] capecodwaterways.com                   → captcha
  [  28/43] steadyasshegoescharters.com            → captcha
  [  29/43] victorycharters.com                    → captcha
  [  30/43] marinanoufontana.es                    → js_form
  [  31/43] yachtcharterbarcelona.co.uk            → js_form
  [  32/43] mallorcaoncharter.net                  → captcha
  [  33/43] pensacolapontoons.com                  → captcha
  [  34/43] coastalyachtcharterspcb.com            → captcha
  [  35/43] daloceancharter.nc                     → captcha
  [  36/43] charteritaly.eu                        → captcha
  [  37/43] sttropez-boats.com                     → captcha
  [  38/43] boardwalkfantasea.com                  → captcha
  [  39/43] covecharters.com                       → captcha
  [  40/43] magicyachtcharters.com                 → submitted
  [  41/43] cerulean-blue.co.jp                    → failed
  [  42/43] ca.gov                                 → js_form
  [  43/43] royaltyentertainment.com.au            → captcha

Done. {'failed': 7, 'captcha': 28, 'submitted': 3, 'js_form': 5}
