/Users/master/Library/Python/3.9/lib/python/site-packages/urllib3/__init__.py:35: NotOpenSSLWarning: urllib3 v2 only supports OpenSSL 1.1.1+, currently the 'ssl' module is compiled with 'LibreSSL 2.8.3'. See: https://github.com/urllib3/urllib3/issues/3020
  warnings.warn(
Form candidates: 28 (shard 4/20)
  [   1/28] arthaudyachting.com                    → js_form
  [   2/28] athensvoyages.gr                       → captcha
  [   3/28] mykonosyachting.gr                     → captcha
  [   4/28] rentayatesacapulco.com                 → js_form
  [   5/28] fairviewyachting.com                   → submitted
  [   6/28] rentayacht.com.au                      → captcha
  [   7/28] capriboats.com                         → captcha
  [   8/28] dubrovnikboatcharter.com               → captcha
  [   9/28] motosdeaguaestepona.com                → captcha
  [  10/28] kayakingcostabrava.com                 → captcha
  [  11/28] heavenmallorca.com                     → submitted
  [  12/28] marbellayachtrent.com                  → js_form
  [  13/28] bowmanyachtcharters.com                → failed
  [  14/28] bartonyachts.com                       → captcha
  [  15/28] iventurescaribbean.com                 → captcha
  [  16/28] montereysailing.com                    → captcha
  [  17/28] coraloceantours.com                    → failed
  [  18/28] oroboats.com                           → failed
  [  19/28] boatsoman.com                          → js_form
  [  20/28] saltwaterboathire.co.uk                → failed
  [  21/28] boatchartersjacksonville.com           → captcha
  [  22/28] longisland.com                         → captcha
  [  23/28] surverwork.com                         → submitted
  [  24/28] lazydaysskipperedboatcharters.com      → submitted
  [  25/28] saudadesailingclub.com                 → captcha
  [  26/28] gowesttt.com                           → captcha
  [  27/28] miami-yachts.com                       → captcha
  [  28/28] condorsailingadventures.com            → failed

Done. {'js_form': 4, 'captcha': 15, 'submitted': 4, 'failed': 5}
