[2026-06-14 12:03:37] === [rentry] target 1 (today 0/1) · 0 all-time ===
[2026-06-14 12:03:51]   [1/1] ✓ https://rentry.co/fdamtquk
[2026-06-14 12:03:51] === [rentry] done: 1/1 ===
[2026-06-14 12:03:51] ALL DONE: 1 posts across 1 platform(s)

[2026-06-14 12:03:51] === [telegraph] target 1 (today 0/1) · 0 all-time ===
[2026-06-14 12:04:05]   [1/1] ✓ https://telegra.ph/4-Hours-on-the-Water-Puerto-Banús-to-Cabopino-Charter-06-14
[2026-06-14 12:04:05] === [telegraph] done: 1/1 ===
[2026-06-14 12:04:05] ALL DONE: 1 posts across 1 platform(s)

[2026-06-14 18:45:45] [telegraph] already 1/1 today — done
[2026-06-14 18:45:45] [rentry] already 1/1 today — done
[2026-06-14 18:45:45] ALL DONE: 0 posts across 2 platform(s)

[2026-06-15 08:30:04] === [telegraph] target 15 (today 0/15) · 1 all-time ===
[2026-06-15 08:30:19]   [1/15] ✓ https://telegra.ph/Boat-Party-for-Couples-in-Marbella-Your-Insiders-Guide-06-15
[2026-06-15 08:30:43]   [2/15] ✓ https://telegra.ph/A-Locals-Honest-Guide-to-Renting-a-Jet-Ski-This-Summer-06-15
[2026-06-15 08:31:07]   [3/15] ✓ https://telegra.ph/Shoulder-Season-Charter-Is-the-Astondoa-40-Your-Best-Value-06-15
[2026-06-15 08:31:28]   [4/15] ✓ https://telegra.ph/Why-Couples-Love-a-Jet-Ski-Rental-in-Marbella-06-15
[2026-06-15 08:31:50]   [5/15] ✓ https://telegra.ph/Dubhe-vs-Catamaran-Best-Charter-Options-Near-Estepona-06-15
[2026-06-15 08:32:16]   [6/15] ✓ https://telegra.ph/Mangusta-80-vs-Alternatives-Best-Charter-for-Your-Group-06-15
[2026-06-15 08:32:38]   [7/15] ✓ https://telegra.ph/Shoulder-Season-Puerto-Banús-Charter-Prices-What-to-Expect-06-15
[2026-06-15 08:32:59]   [8/15] ✓ https://telegra.ph/What-to-Expect-on-an-Astondoa-40-Charter-in-Sotogrande-06-15
[2026-06-15 08:33:23]   [9/15] ✓ https://telegra.ph/Best-Season-for-an-Azimut-39-Cruise-to-Cabopino-06-15
[2026-06-15 08:33:43]   [10/15] ✓ https://telegra.ph/The-Best-Time-of-Year-for-Jet-Ski-Rentals-in-Sotogrande-06-15
[2026-06-15 08:34:04]   [11/15] ✓ https://telegra.ph/Why-Couples-Love-Boat-Parties-for-a-Romantic-Escape-06-15
[2026-06-15 08:34:26]   [12/15] ✓ https://telegra.ph/Your-Ultimate-Guide-to-Jet-Ski-Rentals-This-Summer-06-15
[2026-06-15 08:34:48]   [13/15] ✓ https://telegra.ph/Romantic-Yacht-Charter-Costs-for-Couples-in-Marbella-06-15
[2026-06-15 08:35:10]   [14/15] ✓ https://telegra.ph/Mum-to-Be-vs-Family-Fun-Choosing-Your-Hen-Party-Boat-Day-06-15
[2026-06-15 08:35:35]   [15/15] ✓ https://telegra.ph/5-hidden-truths-about-a-licence-free-boat-day-in-Puerto-Banús-06-15
[2026-06-15 08:35:44] === [telegraph] done: 15/15 ===
[2026-06-15 08:35:44] === [rentry] target 15 (today 0/15) · 1 all-time ===
[2026-06-15 08:35:56]   [1/15] ✓ https://rentry.co/2v86yqor
[2026-06-15 08:36:17]   [2/15] ✓ https://rentry.co/tz3nefus
[2026-06-15 08:36:40]   [3/15] ✓ https://rentry.co/7zyzsw7n
[2026-06-15 08:37:03]   [4/15] ✓ https://rentry.co/6gybsf43
[2026-06-15 08:37:25]   [5/15] ✓ https://rentry.co/grkp79sc
[2026-06-15 08:37:47]   [6/15] ✓ https://rentry.co/tieohv8i
[2026-06-15 08:38:07]   [7/15] ✓ https://rentry.co/ptz6iut8
[2026-06-15 08:38:29]   [8/15] ✓ https://rentry.co/etoqt7bv
[2026-06-15 08:38:52]   [9/15] ✓ https://rentry.co/ikbvdbdf
[2026-06-15 08:39:20]   [10/15] ✓ https://rentry.co/a7r3gydd
[2026-06-15 08:39:44]   [11/15] ✓ https://rentry.co/ck9i5hgi
[2026-06-15 08:40:07]   [12/15] ✓ https://rentry.co/b65zqe4h
[2026-06-15 08:40:34]   [13/15] ✓ https://rentry.co/cwn8pe4c
[2026-06-15 08:40:58]   [14/15] ✓ https://rentry.co/cepzyaff
[2026-06-15 08:41:20]   [15/15] ✓ https://rentry.co/a5mbk7n4
[2026-06-15 08:41:29] === [rentry] done: 15/15 ===
[2026-06-15 08:41:29] ALL DONE: 30 posts across 2 platform(s)

