[render] (hub) — from cache
[warn] fleet section skipped: min() arg is an empty sequence
[render] yacht-charter-marbella — from cache
[render] catamaran-rental-marbella — from cache
[render] fishing-boat-rental-marbella — from cache
[render] boat-rental-puerto-banus — from cache
[render] sunset-cruise-marbella — from cache
[render] boat-party-marbella — from cache
[render] boat-rental-no-license-marbella — from cache
[render] luxury-yacht-rental-marbella — from cache
[render] jet-ski-rental-marbella — from cache
[skip] private-boat-charter-marbella — no cache, --render-only
[render] experiences/champagne-sunset-marbella — from cache
[render] experiences/booze-cruise-marbella — from cache
[render] experiences/romantic-dinner-yacht-marbella — from cache
[render] experiences/sailing-experience-marbella — from cache
[render] experiences/water-sports-marbella — from cache
[render] experiences/seabob-experience-marbella — from cache
[render] experiences/overnight-yacht-marbella — from cache
[render] experiences/multi-day-yacht-marbella — from cache
[render] experiences/tarifa-day-trip-marbella — from cache
[render] experiences/calas-marbella-tour — from cache
[render] experiences/marbella-by-night-cruise — from cache
[render] experiences/nye-yacht-marbella — from cache
[render] experiences/africa-from-marbella-by-boat — from cache
[render] experiences/sotogrande-charter-from-marbella — from cache
[render] experiences/estepona-by-boat-from-marbella — from cache
[render] experiences/pirate-boat-marbella-kids — from cache
[render] experiences/dj-boat-marbella — from cache
[render] experiences/influencer-content-day-marbella — from cache
[render] yacht-charter-puerto-banus — from cache
[render] motor-yacht-rental-marbella — from cache
[render] superyacht-charter-marbella — from cache
[render] speedboat-rental-marbella — from cache
[render] family-yacht-charter-marbella — from cache
[render] experiences/sunrise-yoga-yacht-marbella — from cache
[render] experiences/paddleboard-yacht-tour-marbella — from cache
[render] experiences/wine-tasting-yacht-marbella — from cache
[render] experiences/baby-shower-yacht-marbella — from cache
[render] experiences/divorce-party-yacht-marbella — from cache
[render] experiences/golf-and-yacht-package-marbella — from cache
[render] hen-party-yacht-marbella — from cache
[render] corporate-boat-hire-marbella — from cache
[render] jet-ski-marbella — from cache
[render] jet-ski-puerto-banus — from cache
[render] jet-ski-hire-marbella — from cache
[render] jet-ski-rental-puerto-banus — from cache
[render] jet-ski-rental-estepona — from cache
[render] jet-ski-rental-fuengirola — from cache
[render] jet-ski-rental-benalmadena — from cache
[render] jet-ski-tours-marbella — from cache
[render] jet-ski-safari-puerto-banus — from cache
[render] jet-ski-rental-costa-del-sol — from cache
[render] flyboard-marbella — from cache
[render] water-sports-marbella — from cache
[render] jet-ski-rental-nerja — from cache
[render] jet-ski-rental-malaga — from cache
[render] blog/how-much-does-it-cost-to-rent-a-boat-in-marbella — from cache
[render] blog/best-month-to-rent-a-boat-in-marbella — from cache
[render] blog/boat-license-rules-spain — from cache
[render] blog/puerto-banus-vs-marbella-marina — from cache
[render] blog/kids-on-a-boat-marbella — from cache
[render] blog/dolphin-watching-marbella — from cache
[render] blog/gibraltar-day-trip-by-boat — from cache
[render] blog/what-to-bring-on-a-boat-charter — from cache
[render] blog/seasickness-prevention-charter — from cache
[render] blog/private-vs-shared-boat-charter — from cache
[render] blog/astondoa-40-vs-smaller-yachts-marbella — from cache
[render] blog/azimut-39-vs-smaller-yachts-marbella — from cache
[render] blog/mangusta-80-vs-smaller-yachts-marbella — from cache
[render] blog/ferretti-94-vs-canados-86-marbella — from cache
[render] blog/pershing-46-vs-azimut-39 — from cache
[render] blog/lagoon-380-only-catamaran-marbella — from cache
[render] blog/fairline-targa-12m-marbella — from cache
[render] blog/bandido-yacht-charter-marbella — from cache
[render] blog/wedding-yacht-charter-marbella — from cache
[render] blog/bachelor-party-yacht-marbella — from cache
[render] blog/birthday-yacht-charter-marbella — from cache
[render] blog/corporate-yacht-charter-marbella — from cache
[render] blog/anniversary-yacht-charter-marbella — from cache
[render] blog/proposal-on-a-yacht-marbella — from cache
[render] blog/best-beaches-by-boat-marbella — from cache
[render] blog/marbella-restaurants-by-boat — from cache
[render] blog/best-snorkel-spots-marbella — from cache
[render] blog/best-anchorages-marbella — from cache
[render] blog/sunset-spots-from-sea-marbella — from cache
[render] blog/cabopino-charter-departures — from cache
[render] blog/sotogrande-to-marbella-by-boat — from cache
[render] blog/estepona-day-from-marbella — from cache
[render] blog/full-day-itinerary-marbella — from cache
[render] blog/starlite-marbella-yacht-charter — from cache
[render] blog/marbella-luxury-weekend-yacht — from cache
[render] blog/puerto-banus-boat-show-guide — from cache
[render] blog/spanish-f1-grand-prix-marbella-yacht — from cache
[render] blog/marbella-pride-yacht-party — from cache
[render] blog/san-pedro-feria-2026 — from cache
[render] blog/marbella-feria-san-bernabe — from cache
[render] blog/marbella-international-film-festival-yacht — from cache
[render] blog/marbella-fashion-week-yacht — from cache
[render] blog/ironman-marbella-yacht-recovery — from cache
[render] blog/nye-yacht-charter-marbella — from cache
[render] blog/semana-santa-yacht-marbella — from cache
[render] blog/reyes-magos-yacht-charter — from cache
[render] blog/san-juan-night-boat-marbella — from cache
[render] blog/marbella-polo-cup-yacht — from cache
[render] blog/white-party-marbella-yacht — from cache
[render] blog/nikki-beach-marbella-yacht — from cache
[render] blog/ocean-club-marbella-yacht-arrival — from cache
[render] blog/sala-by-the-sea-yacht-arrival — from cache
[render] blog/la-sala-puerto-banus-yacht — from cache
[render] blog/solomun-marbella-yacht — from cache
[render] blog/marc-anthony-marbella-concert-yacht — from cache
[render] blog/white-night-puerto-banus-yacht — from cache
[render] blog/guy-laurent-pourcel-marbella-yacht — from cache
[render] blog/constitution-day-marbella-yacht — from cache
[render] blog/andalusia-day-yacht — from cache
[render] blog/epiphany-three-kings-marbella-boat — from cache
[render] blog/real-madrid-final-marbella-yacht — from cache
[render] blog/eurovision-yacht-party-marbella — from cache
[render] blog/vendimia-marbella-yacht — from cache
[render] blog/marbella-half-day-vs-full-day-charter — from cache
[render] blog/tipping-yacht-crew-marbella — from cache
[render] blog/levante-vs-poniente-wind-marbella-charter — from cache
[render] blog/marbella-yacht-charter-cancellation-policy — from cache
[render] blog/seasickness-kids-marbella-boat — from cache
[render] blog/puerto-banus-vs-cabopino-departure — from cache
[render] blog/sunseeker-predator-vs-pershing-46 — from cache
[render] blog/princess-v58-vs-azimut-58-marbella — from cache
[render] blog/galeon-500-fly-vs-fairline-targa-12m — from cache
[render] blog/catamaran-vs-motor-yacht-marbella-families — from cache
[render] blog/marbella-yacht-week-2026 — from cache
[render] blog/global-gift-gala-marbella-yacht — from cache
[render] blog/marbella-luxury-shopping-week-yacht — from cache
[render] blog/halloween-yacht-party-puerto-banus — from cache
[render] blog/three-kings-parade-marbella-by-boat — from cache
[render] blog/marbella-jazz-festival-yacht-charter — from cache
[render] blog/copa-del-rey-sailing-marbella — from cache
[render] blog/marbella-easter-week-yacht-availability — from cache
[render] blog/fishing-license-rules-marbella — from cache
[render] blog/marbella-tuna-fishing-season-charter — from cache
[render] blog/dietary-restrictions-yacht-catering-marbella — from cache
[render] blog/marbella-yacht-charter-with-pets — from cache
done.
→ render
fleet index: site/boats/index.html
boat detail : site/boats/astondoa-40/index.html
boat detail : site/boats/azimut-39/index.html
boat detail : site/boats/mangusta-80/index.html
boat detail : site/boats/azimut-58/index.html
boat detail : site/boats/bandido/index.html
boat detail : site/boats/canados-86/index.html
boat detail : site/boats/dubhe/index.html
boat detail : site/boats/fairline-targa-12m/index.html
boat detail : site/boats/ferretti-94/index.html
boat detail : site/boats/k80/index.html
boat detail : site/boats/lagoon-380/index.html
boat detail : site/boats/mangusta-80-grey/index.html
boat detail : site/boats/mangusta-80-white/index.html
boat detail : site/boats/mariah-sx21/index.html
boat detail : site/boats/pershing-46/index.html
boat detail : site/boats/red-tide-fishing-boat/index.html
boat detail : site/boats/speedboat/index.html
boat detail : site/boats/maiora-26m/index.html
boat detail : site/boats/jet-ski-seadoo/index.html
blog index: 85 posts → /Users/master/boat-rental-marbella/site/blog/index.html
  ✓ experiences hub → /experiences/
  ✓ /experiences/family-boat-days-marbella/
  ✓ /experiences/photoshoot-yacht-marbella/
  ✓ /experiences/bachelor-hen-parties-marbella/
  ✓ /experiences/wedding-yacht-marbella/
  ✓ /experiences/corporate-yacht-marbella/
  ✓ /experiences/honeymoon-yacht-marbella/
  ✓ /experiences/snorkeling-tour-marbella/
  ✓ /experiences/birthday-yacht-marbella/
  ✓ /experiences/proposal-yacht-marbella/
  ✓ /experiences/anniversary-yacht-marbella/
  ✓ es/(hub) → https://boatrentalinmarbella.com/es/
  ✓ es/alquiler-de-yates-marbella → https://boatrentalinmarbella.com/es/alquiler-de-yates-marbella/
  ✓ es/alquiler-barcos-puerto-banus → https://boatrentalinmarbella.com/es/alquiler-barcos-puerto-banus/
  ✓ es/alquiler-barcos-sin-licencia-marbella → https://boatrentalinmarbella.com/es/alquiler-barcos-sin-licencia-marbella/
sitemap.xml written (141 URLs)
sitemap-index.xml written (URL + video)
  ✓ hero-video → /boat-rental-puerto-banus/  (puerto-banus-bow-shot)
  ✓ hero-video → /boat-party-marbella/  (marbella-boat-party)
  ✓ hero-video → /blog/how-much-does-it-cost-to-rent-a-boat-in-marbella/  (drinks-on-board)
  ✓ hero-video → /blog/what-to-bring-on-a-boat-charter/  (drinks-on-board)
  ✓ hero-video → /  (azimut-39-cruising)
inject_hero_video: 5 page(s) swapped
  ✓ founder-card → /
  ✓ founder-card → /boat-party-marbella/
  ✓ founder-card → /luxury-yacht-rental-marbella/
  ✓ founder-card → /yacht-charter-marbella/
  ✓ founder-card → /fishing-boat-rental-marbella/
  ✓ founder-card → /sunset-cruise-marbella/
  ✓ founder-card → /boat-rental-puerto-banus/
  ✓ founder-card → /boats/
  ✓ founder-card → /experiences/
  ✓ founder-card → /experiences/wedding-yacht-marbella/
  ✓ founder-card → /experiences/proposal-yacht-marbella/
  ✓ founder-card → /experiences/anniversary-yacht-marbella/
  ✓ founder-card → /experiences/honeymoon-yacht-marbella/
  ✓ founder-card → /experiences/birthday-yacht-marbella/
  ✓ founder-card → /experiences/corporate-yacht-marbella/
  ✓ founder-card → /experiences/family-boat-days-marbella/
  ✓ founder-card → /experiences/bachelor-hen-parties-marbella/
  ✓ founder-card → /experiences/photoshoot-yacht-marbella/
inject_founder_card: 18 page(s) updated
sitemap-video.xml: 29 page(s), 40 video embed(s)
VideoObject JSON-LD injected on 29 page(s)
→ commit main
