[load] link_graph.json
[link] /: 1/6 applied
[link] /yacht-charter-marbella/: 1/7 applied
[link] /catamaran-rental-marbella/: 1/6 applied
[link] /boat-rental-no-license-marbella/: 0/6 applied
[link] /blog/how-much-does-it-cost-to-rent-a-boat-in-marbella/: 0/9 applied
[link] /blog/boat-license-rules-spain/: 1/5 applied

inbound counts:
    5  /yacht-charter-marbella/
    5  /catamaran-rental-marbella/
    5  /
    4  /sunset-cruise-marbella/
    3  /boat-rental-no-license-marbella/
    3  /blog/best-month-to-rent-a-boat-in-marbella/
    3  /fishing-boat-rental-marbella/
    2  /blog/how-much-does-it-cost-to-rent-a-boat-in-marbella/
    2  /luxury-yacht-rental-marbella/
    2  /blog/boat-license-rules-spain/
    2  /boat-party-marbella/
    1  /boat-rental-puerto-banus/
    1  /blog/puerto-banus-vs-marbella-marina/
    1  /blog/kids-on-a-boat-marbella/
→ render
fleet index: site/boats/index.html
boat detail : site/boats/astondoa-40/index.html
boat detail : site/boats/azimut-39/index.html
boat detail : site/boats/mangusta-80/index.html
boat detail : site/boats/azimut-58/index.html
boat detail : site/boats/bandido/index.html
boat detail : site/boats/canados-86/index.html
boat detail : site/boats/dubhe/index.html
boat detail : site/boats/fairline-targa-12m/index.html
boat detail : site/boats/ferretti-94/index.html
boat detail : site/boats/k80/index.html
boat detail : site/boats/lagoon-380/index.html
boat detail : site/boats/mangusta-80-grey/index.html
boat detail : site/boats/mangusta-80-white/index.html
boat detail : site/boats/mariah-sx21/index.html
boat detail : site/boats/pershing-46/index.html
boat detail : site/boats/red-tide-fishing-boat/index.html
boat detail : site/boats/speedboat/index.html
boat detail : site/boats/maiora-26m/index.html
boat detail : site/boats/jet-ski-seadoo/index.html
blog index: 85 posts → /Users/master/boat-rental-marbella/site/blog/index.html
  ✓ experiences hub → /experiences/
  ✓ /experiences/family-boat-days-marbella/
  ✓ /experiences/photoshoot-yacht-marbella/
  ✓ /experiences/bachelor-hen-parties-marbella/
  ✓ /experiences/wedding-yacht-marbella/
  ✓ /experiences/corporate-yacht-marbella/
  ✓ /experiences/honeymoon-yacht-marbella/
  ✓ /experiences/snorkeling-tour-marbella/
  ✓ /experiences/birthday-yacht-marbella/
  ✓ /experiences/proposal-yacht-marbella/
  ✓ /experiences/anniversary-yacht-marbella/
  ✓ es/(hub) → https://boatrentalinmarbella.com/es/
  ✓ es/alquiler-de-yates-marbella → https://boatrentalinmarbella.com/es/alquiler-de-yates-marbella/
  ✓ es/alquiler-barcos-puerto-banus → https://boatrentalinmarbella.com/es/alquiler-barcos-puerto-banus/
  ✓ es/alquiler-barcos-sin-licencia-marbella → https://boatrentalinmarbella.com/es/alquiler-barcos-sin-licencia-marbella/
sitemap.xml written (141 URLs)
sitemap-index.xml written (URL + video)
  ✓ hero-video → /boat-rental-puerto-banus/  (puerto-banus-bow-shot)
  ✓ hero-video → /boat-party-marbella/  (marbella-boat-party)
  ✓ hero-video → /blog/how-much-does-it-cost-to-rent-a-boat-in-marbella/  (drinks-on-board)
  ✓ hero-video → /blog/what-to-bring-on-a-boat-charter/  (drinks-on-board)
  ✓ hero-video → /  (azimut-39-cruising)
inject_hero_video: 5 page(s) swapped
  ✓ founder-card → /
  ✓ founder-card → /boat-party-marbella/
  ✓ founder-card → /luxury-yacht-rental-marbella/
  ✓ founder-card → /yacht-charter-marbella/
  ✓ founder-card → /fishing-boat-rental-marbella/
  ✓ founder-card → /sunset-cruise-marbella/
  ✓ founder-card → /boat-rental-puerto-banus/
  ✓ founder-card → /boats/
  ✓ founder-card → /experiences/
  ✓ founder-card → /experiences/wedding-yacht-marbella/
  ✓ founder-card → /experiences/proposal-yacht-marbella/
  ✓ founder-card → /experiences/anniversary-yacht-marbella/
  ✓ founder-card → /experiences/honeymoon-yacht-marbella/
  ✓ founder-card → /experiences/birthday-yacht-marbella/
  ✓ founder-card → /experiences/corporate-yacht-marbella/
  ✓ founder-card → /experiences/family-boat-days-marbella/
  ✓ founder-card → /experiences/bachelor-hen-parties-marbella/
  ✓ founder-card → /experiences/photoshoot-yacht-marbella/
inject_founder_card: 18 page(s) updated
sitemap-video.xml: 29 page(s), 40 video embed(s)
VideoObject JSON-LD injected on 29 page(s)
→ commit main
