[2026-06-13 13:45:30] === Telegraph run: target 1 article(s) · 0 previously published ===
[2026-06-13 13:45:32] created Telegraph account, token cached
[2026-06-13 13:45:32] [1/1] Sailing into Sunset: A Private Catamaran Charter from Marbella
[2026-06-13 13:45:50]   ✓ published https://telegra.ph/Sailing-into-Sunset-A-Private-Catamaran-Charter-from-Marbella-06-13 (5 backlinks)
[2026-06-13 13:45:50] === Done: 1/1 published. Ledger total: 1 ===

[2026-06-13 13:48:28] === Telegraph run: target 2 article(s) · 1 previously published ===
[2026-06-13 13:48:31] [1/2] Chartering a Gulet for a Week: Marbella to Estepona Itinerary
[2026-06-13 13:48:51]   ✓ published https://telegra.ph/Chartering-a-Gulet-for-a-Week-Marbella-to-Estepona-Itinerary-06-13 (5 backlinks)
[2026-06-13 13:48:51] [2/2] Family-Friendly Catamaran Charter Activities on the Costa del Sol
[2026-06-13 13:49:13]   ✗ FAILED: JSONDecodeError: Expecting ',' delimiter: line 17 column 1 (char 6198)
[2026-06-13 13:49:13] === Done: 1/2 published. Ledger total: 2 ===

[2026-06-13 13:49:41] === Telegraph run: target 1 article(s) · 2 previously published ===
[2026-06-13 13:49:43] [1/1] Marbella to Cala del Moral: A Day Charter with Hidden Coves
[2026-06-13 13:50:03]   ✓ published https://telegra.ph/Marbella-to-Cala-del-Moral-A-Day-Charter-with-Hidden-Coves-06-13 (5 backlinks)
[2026-06-13 13:50:04] === Done: 1/1 published. Ledger total: 3 ===

[2026-06-14 13:30:05] === Telegraph run: target 3 article(s) · 3 previously published ===
[2026-06-14 13:30:08] [1/3] Top 10 Questions First-Time Charterers Ask in Puerto Banús
[2026-06-14 13:30:32]   ✓ published https://telegra.ph/Top-10-Questions-First-Time-Charterers-Ask-in-Puerto-Banús-06-14 (8 backlinks)
[2026-06-14 13:30:32] [2/3] Why a RIB Boat Is the Best Way to Explore Marbella’s Coast
[2026-06-14 13:30:54]   attempt 1: JSON parse failed, retrying
[2026-06-14 13:31:15]   ✓ published https://telegra.ph/Why-a-RIB-Boat-Is-the-Best-Way-to-Explore-Marbellas-Coast-06-14 (5 backlinks)
[2026-06-14 13:31:15] [3/3] Three-Day Luxury Yacht Itinerary from Marbella to Gibraltar
[2026-06-14 13:31:41]   ✓ published https://telegra.ph/Three-Day-Luxury-Yacht-Itinerary-from-Marbella-to-Gibraltar-06-14 (5 backlinks)
[2026-06-14 13:31:41] === Done: 3/3 published. Ledger total: 6 ===

[2026-06-15 13:30:00] === Telegraph run: target 3 article(s) · 6 previously published ===
[2026-06-15 13:30:02] [1/3] Catching Tuna and Tapas: A Fishing Charter from Marbella's Coast
[2026-06-15 13:30:25]   ✓ published https://telegra.ph/Catching-Tuna-and-Tapas-A-Fishing-Charter-from-Marbellas-Coast-06-15 (5 backlinks)
[2026-06-15 13:30:25] [2/3] Puerto Banús at Dawn: Photographing Superyachts Before the Crowds
[2026-06-15 13:30:41]   ✓ published https://telegra.ph/Puerto-Banús-at-Dawn-Photographing-Superyachts-Before-the-Crowds-06-15 (5 backlinks)
[2026-06-15 13:30:41] [3/3] How to Charter a Silent Electric Boat for a Zero-Emission Day
[2026-06-15 13:31:00]   ✓ published https://telegra.ph/How-to-Charter-a-Silent-Electric-Boat-for-a-Zero-Emission-Day-06-15 (5 backlinks)
[2026-06-15 13:31:00] === Done: 3/3 published. Ledger total: 9 ===

