[2026-06-14 13:30:05] === Telegraph run: target 3 article(s) · 3 previously published ===
[2026-06-14 13:30:08] [1/3] Top 10 Questions First-Time Charterers Ask in Puerto Banús
[2026-06-14 13:30:32]   ✓ published https://telegra.ph/Top-10-Questions-First-Time-Charterers-Ask-in-Puerto-Banús-06-14 (8 backlinks)
[2026-06-14 13:30:32] [2/3] Why a RIB Boat Is the Best Way to Explore Marbella’s Coast
[2026-06-14 13:30:54]   attempt 1: JSON parse failed, retrying
[2026-06-14 13:31:15]   ✓ published https://telegra.ph/Why-a-RIB-Boat-Is-the-Best-Way-to-Explore-Marbellas-Coast-06-14 (5 backlinks)
[2026-06-14 13:31:15] [3/3] Three-Day Luxury Yacht Itinerary from Marbella to Gibraltar
[2026-06-14 13:31:41]   ✓ published https://telegra.ph/Three-Day-Luxury-Yacht-Itinerary-from-Marbella-to-Gibraltar-06-14 (5 backlinks)
[2026-06-14 13:31:41] === Done: 3/3 published. Ledger total: 6 ===

[2026-06-15 13:30:00] === Telegraph run: target 3 article(s) · 6 previously published ===
[2026-06-15 13:30:02] [1/3] Catching Tuna and Tapas: A Fishing Charter from Marbella's Coast
[2026-06-15 13:30:25]   ✓ published https://telegra.ph/Catching-Tuna-and-Tapas-A-Fishing-Charter-from-Marbellas-Coast-06-15 (5 backlinks)
[2026-06-15 13:30:25] [2/3] Puerto Banús at Dawn: Photographing Superyachts Before the Crowds
[2026-06-15 13:30:41]   ✓ published https://telegra.ph/Puerto-Banús-at-Dawn-Photographing-Superyachts-Before-the-Crowds-06-15 (5 backlinks)
[2026-06-15 13:30:41] [3/3] How to Charter a Silent Electric Boat for a Zero-Emission Day
[2026-06-15 13:31:00]   ✓ published https://telegra.ph/How-to-Charter-a-Silent-Electric-Boat-for-a-Zero-Emission-Day-06-15 (5 backlinks)
[2026-06-15 13:31:00] === Done: 3/3 published. Ledger total: 9 ===

[2026-06-16 13:30:00] === Telegraph run: target 3 article(s) · 9 previously published ===
[2026-06-16 13:30:03] [1/3] From Paella to Paddleboards: A Family Day Charter in Marbella
[2026-06-16 13:30:24]   attempt 1: JSON parse failed, retrying
[2026-06-16 13:30:47]   ✓ published https://telegra.ph/From-Paella-to-Paddleboards-A-Family-Day-Charter-in-Marbella-06-16 (5 backlinks)
[2026-06-16 13:30:47] [2/3] Champagne and Calas: A Romantic RIB Tour of Puerto Banús
[2026-06-16 13:31:11]   ✓ published https://telegra.ph/Champagne-and-Calas-A-Romantic-RIB-Tour-of-Puerto-Banús-06-16 (5 backlinks)
[2026-06-16 13:31:11] [3/3] The Marbella Marina Hop: Lunch at Three Different Clubs by Water
[2026-06-16 13:31:33]   ✓ published https://telegra.ph/The-Marbella-Marina-Hop-Lunch-at-Three-Different-Clubs-by-Water-06-16 (5 backlinks)
[2026-06-16 13:31:33] === Done: 3/3 published. Ledger total: 12 ===

