[2026-05-21 11:40:28] === Daily content run (kind-balanced): 5 blog + 5 landing = 10 item(s) ===
[2026-05-21 11:40:28] [1/10] blog · blog/ferretti-94-vs-canados-86-marbella
[2026-05-21 11:41:54]   ✓ saved content/blog_ferretti-94-vs-canados-86-marbella.json
[2026-05-21 11:41:54]   ✓ added to keyword_map.blog
[2026-05-21 11:41:54] [2/10] blog · blog/pershing-46-vs-azimut-39
[2026-05-21 11:43:21]   ✓ saved content/blog_pershing-46-vs-azimut-39.json
[2026-05-21 11:43:21]   ✓ added to keyword_map.blog
[2026-05-21 11:43:21] [3/10] blog · blog/lagoon-380-only-catamaran-marbella
[2026-05-21 11:44:44]   ✓ saved content/blog_lagoon-380-only-catamaran-marbella.json
[2026-05-21 11:44:44]   ✓ added to keyword_map.blog
[2026-05-21 11:44:44] [4/10] blog · blog/fairline-targa-12m-marbella
[2026-05-21 11:46:24]   ✓ saved content/blog_fairline-targa-12m-marbella.json
[2026-05-21 11:46:24]   ✓ added to keyword_map.blog
[2026-05-21 11:46:24] [5/10] blog · blog/bandido-yacht-charter-marbella
[2026-05-21 11:49:06]   ✓ saved content/blog_bandido-yacht-charter-marbella.json
[2026-05-21 11:49:06]   ✓ added to keyword_map.blog
[2026-05-21 11:49:06] [6/10] experience · experiences/booze-cruise-marbella
[2026-05-21 11:50:35]   ✓ saved content/experiences_booze-cruise-marbella.json
[2026-05-21 11:50:35]   ✓ added to keyword_map.spokes
[2026-05-21 11:50:35] [7/10] experience · experiences/romantic-dinner-yacht-marbella
[2026-05-21 11:52:12]   ✓ saved content/experiences_romantic-dinner-yacht-marbella.json
[2026-05-21 11:52:12]   ✓ added to keyword_map.spokes
[2026-05-21 11:52:12] [8/10] experience · experiences/sailing-experience-marbella
[2026-05-21 11:53:53]   ✓ saved content/experiences_sailing-experience-marbella.json
[2026-05-21 11:53:53]   ✓ added to keyword_map.spokes
[2026-05-21 11:53:53] [9/10] experience · experiences/water-sports-marbella
[2026-05-21 11:55:29]   ✓ saved content/experiences_water-sports-marbella.json
[2026-05-21 11:55:29]   ✓ added to keyword_map.spokes
[2026-05-21 11:55:29] [10/10] experience · experiences/seabob-experience-marbella
[2026-05-21 11:56:56]   ✓ saved content/experiences_seabob-experience-marbella.json
[2026-05-21 11:56:56]   ✓ added to keyword_map.spokes
[2026-05-21 11:56:56] queue: 62 remaining, 11 consumed total
[2026-05-21 11:56:56] running deploy.sh …
