/Users/master/Library/Python/3.9/lib/python/site-packages/urllib3/__init__.py:35: NotOpenSSLWarning: urllib3 v2 only supports OpenSSL 1.1.1+, currently the 'ssl' module is compiled with 'LibreSSL 2.8.3'. See: https://github.com/urllib3/urllib3/issues/3020
  warnings.warn(
Form candidates: 37 (shard 3/20)
  [   1/37] llautsivelers.com                      → js_form
  [   2/37] aetheryacht.com                        → failed
  [   3/37] rentaboat.pt                           → captcha
  [   4/37] rhodesprivateboats.com                 → captcha
  [   5/37] skiathos-rent-boat.com                 → captcha
  [   6/37] palmaracharters.com                    → captcha
  [   7/37] swisspath-yachting.com                 → js_form
  [   8/37] galapagossky.com                       → captcha
  [  [   9/39] rentaboatbangkok.com                   → submi  [  10/37] thewavedivingcenter.com                → failed
  [  11/37] lomboksailingadventures.com            → captcha
  [  12/37] halongyachttours.com                   → js_form
  [  13/37] fairviewyachting.com                   → submitted
  [  14/37] segorentyachts.com                     → failed
  [  15/37] maidoftheforth.co.uk                   → submitted
  [  16/37] rivieraelite.com                       → js_form
  [  17/37] boatcharterkomodo.com                  → js_form
  [  18/37] marinamotril.com                       → captcha
  [  19/37] goboating.es                           → captcha
  [  20/37] plainsailing.com                       → captcha
  [  21/37] activitiescuracao.com                  → captcha
  [  22/37] yachtdiffusion.com                     → js_form
  [  23/37] specgo.ae                              → captcha
  [  24/37] naplesboatchartersllc.com              → captcha
  [  25/37] valentinacharters.co.uk                → captcha
  [  26/37] maineharbortours.com                   → captcha
  [  27/37] clipperyacht.com                       → js_form
  [  28/37] caribbeandreamyachts.com               → captcha
  [  29/37] dragoonyachts.com                      → captcha
  [  30/37] annapolisjetskirentals.com             → captcha
  [  31/37] downsouthstx.com                       → js_form
  [  32/37] puntacana.yachts                       → submitted
  [  33/37] segelboote-berlin.de                   → js_for  [  34/39] luxdivers.com                          → failed
  [  35/39] westpalmbeach.com                      → captcha
  [  36/39] chronicsailing.com                     → failed
  [  37/39] cerulean-blue.co.jp                    → failed
  [  38/39] heritagecoastcharters.com              → captcha
  [  39/39] salty-spirit.com                       → captcha

Done. {'captcha': 23, 'submitted': 3, 'js_form': 5, 'failed': 8}
